"Severity","ThreadID","Date","Time","Application","Message"
"ERROR","ajp-nio-8009-exec-9","11/17/2015","11:40:38","","query tag;Encountered ""handler_tx"" at line 5, column 41.
Was expecting one of:
    ""AND"" ...
    ""CONNECT"" ...
    ""FOR"" ...
    ""GROUP"" ...
    ""INTERSECT"" ...
    ""MINUS"" ...
    ""OR"" ...
    ""ORDER"" ...
    ""START"" ...
    ""UNION"" ...
    "";"" ...
    ""+"" ...
    ""-"" ...
    ""*"" ...
    ""||"" ...
    ""/"" ...
    ""**"" ...
    ;Encountered ""handler_tx"" at line 5, column 41.
Was expecting one of:
    ""AND"" ...
    ""CONNECT"" ...
    ""FOR"" ...
    ""GROUP"" ...
    ""INTERSECT"" ...
    ""MINUS"" ...
    ""OR"" ...
    ""ORDER"" ...
    ""START"" ...
    ""UNION"" ...
    "";"" ...
    ""+"" ...
    ""-"" ...
    ""*"" ...
    ""||"" ...
    ""/"" ...
    ""**"" ...
    
	at lucee.runtime.db.HSQLDBHandler.execute(HSQLDBHandler.java:325):325
	at lucee.runtime.tag.Query.executeQoQ(Query.java:771):771
	at lucee.runtime.tag.Query.doEndTag(Query.java:566):566
	at handlers.authenticationutilities_cfc$cf.udfCall(C:\inetpub\wwwroot\OEP\handlers\AuthenticationUtilities.cfc:103):103
	at lucee.runtime.type.UDFImpl.implementation(UDFImpl.java:111):111
	at lucee.runtime.type.UDFImpl._call(UDFImpl.java:328):328
	at lucee.runtime.type.UDFImpl.callWithNamedValues(UDFImpl.java:216):216
	at lucee.runtime.ComponentImpl._call(ComponentImpl.java:608):608
	at lucee.runtime.ComponentImpl._call(ComponentImpl.java:524):524
	at lucee.runtime.ComponentImpl.callWithNamedValues(ComponentImpl.java:1778):1778
	at lucee.runtime.util.VariableUtilImpl.callFunctionWithNamedValues(VariableUtilImpl.java:773):773
	at lucee.runtime.PageContextImpl.getFunctionWithNamedValues(PageContextImpl.java:1600):1600
	at handlers.login_cfc$cf.udfCall(C:\inetpub\wwwroot\OEP\handlers\login.cfc:49):49
	at lucee.runtime.type.UDFImpl.implementation(UDFImpl.java:111):111
	at lucee.runtime.type.UDFImpl._call(UDFImpl.java:328):328
	at lucee.runtime.type.UDFImpl.call(UDFImpl.java:229):229
	at lucee.runtime.ComponentImpl._call(ComponentImpl.java:607):607
	at lucee.runtime.ComponentImpl._call(ComponentImpl.java:524):524
	at lucee.runtime.ComponentImpl.call(ComponentImpl.java:1761):1761
	at lucee.runtime.util.VariableUtilImpl.callFunctionWithoutNamedValues(VariableUtilImpl.java:742):742
	at lucee.runtime.PageContextImpl.getFunction(PageContextImpl.java:1590):1590
	at application_cfc$cf.udfCall(C:\inetpub\wwwroot\OEP\Application.cfc:89):89
	at lucee.runtime.type.UDFImpl.implementation(UDFImpl.java:111):111
	at lucee.runtime.type.UDFImpl._call(UDFImpl.java:328):328
	at lucee.runtime.type.UDFImpl.call(UDFImpl.java:229):229
	at lucee.runtime.ComponentImpl._call(ComponentImpl.java:607):607
	at lucee.runtime.ComponentImpl._call(ComponentImpl.java:524):524
	at lucee.runtime.ComponentImpl.call(ComponentImpl.java:1761):1761
	at lucee.runtime.listener.ModernAppListener.call(ModernAppListener.java:405):405
	at lucee.runtime.listener.ModernAppListener._onRequest(ModernAppListener.java:131):131
	at lucee.runtime.listener.MixedAppListener.onRequest(MixedAppListener.java:35):35
	at lucee.runtime.PageContextImpl.execute(PageContextImpl.java:2262):2262
	at lucee.runtime.PageContextImpl.execute(PageContextImpl.java:2225):2225
	at lucee.runtime.engine.CFMLEngineImpl.serviceCFML(CFMLEngineImpl.java:456):456
	at lucee.loader.servlet.CFMLServlet.service(CFMLServlet.java:47):47
	at javax.servlet.http.HttpServlet.service(HttpServlet.java:729):729
	at org.apache.catalina.core.ApplicationFilterChain.internalDoFilter(ApplicationFilterChain.java:291):291
	at org.apache.catalina.core.ApplicationFilterChain.doFilter(ApplicationFilterChain.java:206):206
	at org.apache.tomcat.websocket.server.WsFilter.doFilter(WsFilter.java:52):52
	at org.apache.catalina.core.ApplicationFilterChain.internalDoFilter(ApplicationFilterChain.java:239):239
	at org.apache.catalina.core.ApplicationFilterChain.doFilter(ApplicationFilterChain.java:206):206
	at org.apache.catalina.core.StandardWrapperValve.invoke(StandardWrapperValve.java:219):219
	at org.apache.catalina.core.StandardContextValve.invoke(StandardContextValve.java:106):106
	at org.apache.catalina.authenticator.AuthenticatorBase.invoke(AuthenticatorBase.java:502):502
	at org.apache.catalina.core.StandardHostValve.invoke(StandardHostValve.java:142):142
	at org.apache.catalina.valves.ErrorReportValve.invoke(ErrorReportValve.java:79):79
	at org.apache.catalina.core.StandardEngineValve.invoke(StandardEngineValve.java:88):88
	at org.apache.catalina.connector.CoyoteAdapter.service(CoyoteAdapter.java:518):518
	at org.apache.coyote.ajp.AbstractAjpProcessor.process(AbstractAjpProcessor.java:844):844
	at org.apache.coyote.AbstractProtocol$AbstractConnectionHandler.process(AbstractProtocol.java:668):668
	at org.apache.tomcat.util.net.NioEndpoint$SocketProcessor.doRun(NioEndpoint.java:1527):1527
	at org.apache.tomcat.util.net.NioEndpoint$SocketProcessor.run(NioEndpoint.java:1484):1484
	at java.util.concurrent.ThreadPoolExecutor.runWorker(ThreadPoolExecutor.java:1142):1142
	at java.util.concurrent.ThreadPoolExecutor$Worker.run(ThreadPoolExecutor.java:617):617
	at org.apache.tomcat.util.threads.TaskThread$WrappingRunnable.run(TaskThread.java:61):61
	at java.lang.Thread.run(Thread.java:745):745
"
