"Severity","ThreadID","Date","Time","Application","Message"
"ERROR","ajp-nio-8009-exec-1","10/13/2015","11:51:22","",";invalid component definition, can't find component [coldbox.system.Bootstrap];invalid component definition, can't find component [coldbox.system.Bootstrap]
	at lucee.runtime.component.ComponentLoader.load(ComponentLoader.java:314):314
	at lucee.runtime.component.ComponentLoader.loadComponent(ComponentLoader.java:59):59
	at lucee.runtime.PageContextImpl.loadComponent(PageContextImpl.java:2938):2938
	at lucee.runtime.functions.other.CreateObject.doComponent(CreateObject.java:228):228
	at lucee.runtime.functions.other._CreateComponent.call(_CreateComponent.java:39):39
	at application_cfc$cf.udfCall(C:\inetpub\wwwroot\OEP\Application.cfc:28):28
	at lucee.runtime.type.UDFImpl.implementation(UDFImpl.java:111):111
	at lucee.runtime.type.UDFImpl._call(UDFImpl.java:328):328
	at lucee.runtime.type.UDFImpl.call(UDFImpl.java:229):229
	at lucee.runtime.ComponentImpl._call(ComponentImpl.java:606):606
	at lucee.runtime.ComponentImpl._call(ComponentImpl.java:524):524
	at lucee.runtime.ComponentImpl.call(ComponentImpl.java:1760):1760
	at lucee.runtime.listener.ModernAppListener.call(ModernAppListener.java:405):405
	at lucee.runtime.listener.ModernAppListener.onApplicationStart(ModernAppListener.java:283):283
	at lucee.runtime.PageContextImpl.initApplicationContext(PageContextImpl.java:2837):2837
	at lucee.runtime.listener.ModernAppListener._onRequest(ModernAppListener.java:118):118
	at lucee.runtime.listener.MixedAppListener.onRequest(MixedAppListener.java:35):35
	at lucee.runtime.PageContextImpl.execute(PageContextImpl.java:2257):2257
	at lucee.runtime.PageContextImpl.execute(PageContextImpl.java:2224):2224
	at lucee.runtime.engine.CFMLEngineImpl.serviceCFML(CFMLEngineImpl.java:456):456
	at lucee.loader.servlet.CFMLServlet.service(CFMLServlet.java:47):47
	at javax.servlet.http.HttpServlet.service(HttpServlet.java:729):729
	at org.apache.catalina.core.ApplicationFilterChain.internalDoFilter(ApplicationFilterChain.java:291):291
	at org.apache.catalina.core.ApplicationFilterChain.doFilter(ApplicationFilterChain.java:206):206
	at org.apache.tomcat.websocket.server.WsFilter.doFilter(WsFilter.java:52):52
	at org.apache.catalina.core.ApplicationFilterChain.internalDoFilter(ApplicationFilterChain.java:239):239
	at org.apache.catalina.core.ApplicationFilterChain.doFilter(ApplicationFilterChain.java:206):206
	at org.apache.catalina.core.StandardWrapperValve.invoke(StandardWrapperValve.java:219):219
	at org.apache.catalina.core.StandardContextValve.invoke(StandardContextValve.java:106):106
	at org.apache.catalina.authenticator.AuthenticatorBase.invoke(AuthenticatorBase.java:502):502
	at org.apache.catalina.core.StandardHostValve.invoke(StandardHostValve.java:142):142
	at org.apache.catalina.valves.ErrorReportValve.invoke(ErrorReportValve.java:79):79
	at org.apache.catalina.core.StandardEngineValve.invoke(StandardEngineValve.java:88):88
	at org.apache.catalina.connector.CoyoteAdapter.service(CoyoteAdapter.java:518):518
	at org.apache.coyote.ajp.AbstractAjpProcessor.process(AbstractAjpProcessor.java:844):844
	at org.apache.coyote.AbstractProtocol$AbstractConnectionHandler.process(AbstractProtocol.java:668):668
	at org.apache.tomcat.util.net.NioEndpoint$SocketProcessor.doRun(NioEndpoint.java:1527):1527
	at org.apache.tomcat.util.net.NioEndpoint$SocketProcessor.run(NioEndpoint.java:1484):1484
	at java.util.concurrent.ThreadPoolExecutor.runWorker(ThreadPoolExecutor.java:1142):1142
	at java.util.concurrent.ThreadPoolExecutor$Worker.run(ThreadPoolExecutor.java:617):617
	at org.apache.tomcat.util.threads.TaskThread$WrappingRunnable.run(TaskThread.java:61):61
	at java.lang.Thread.run(Thread.java:745):745
"
"ERROR","ajp-nio-8009-exec-2","10/13/2015","11:51:32","",";invalid component definition, can't find component [coldbox.system.Bootstrap];invalid component definition, can't find component [coldbox.system.Bootstrap]
	at lucee.runtime.component.ComponentLoader.load(ComponentLoader.java:314):314
	at lucee.runtime.component.ComponentLoader.loadComponent(ComponentLoader.java:59):59
	at lucee.runtime.PageContextImpl.loadComponent(PageContextImpl.java:2938):2938
	at lucee.runtime.functions.other.CreateObject.doComponent(CreateObject.java:228):228
	at lucee.runtime.functions.other._CreateComponent.call(_CreateComponent.java:39):39
	at application_cfc$cf.udfCall(C:\inetpub\wwwroot\OEP\Application.cfc:28):28
	at lucee.runtime.type.UDFImpl.implementation(UDFImpl.java:111):111
	at lucee.runtime.type.UDFImpl._call(UDFImpl.java:328):328
	at lucee.runtime.type.UDFImpl.call(UDFImpl.java:229):229
	at lucee.runtime.ComponentImpl._call(ComponentImpl.java:606):606
	at lucee.runtime.ComponentImpl._call(ComponentImpl.java:524):524
	at lucee.runtime.ComponentImpl.call(ComponentImpl.java:1760):1760
	at lucee.runtime.listener.ModernAppListener.call(ModernAppListener.java:405):405
	at lucee.runtime.listener.ModernAppListener.onApplicationStart(ModernAppListener.java:283):283
	at lucee.runtime.PageContextImpl.initApplicationContext(PageContextImpl.java:2837):2837
	at lucee.runtime.listener.ModernAppListener._onRequest(ModernAppListener.java:118):118
	at lucee.runtime.listener.MixedAppListener.onRequest(MixedAppListener.java:35):35
	at lucee.runtime.PageContextImpl.execute(PageContextImpl.java:2257):2257
	at lucee.runtime.PageContextImpl.execute(PageContextImpl.java:2224):2224
	at lucee.runtime.engine.CFMLEngineImpl.serviceCFML(CFMLEngineImpl.java:456):456
	at lucee.loader.servlet.CFMLServlet.service(CFMLServlet.java:47):47
	at javax.servlet.http.HttpServlet.service(HttpServlet.java:729):729
	at org.apache.catalina.core.ApplicationFilterChain.internalDoFilter(ApplicationFilterChain.java:291):291
	at org.apache.catalina.core.ApplicationFilterChain.doFilter(ApplicationFilterChain.java:206):206
	at org.apache.tomcat.websocket.server.WsFilter.doFilter(WsFilter.java:52):52
	at org.apache.catalina.core.ApplicationFilterChain.internalDoFilter(ApplicationFilterChain.java:239):239
	at org.apache.catalina.core.ApplicationFilterChain.doFilter(ApplicationFilterChain.java:206):206
	at org.apache.catalina.core.StandardWrapperValve.invoke(StandardWrapperValve.java:219):219
	at org.apache.catalina.core.StandardContextValve.invoke(StandardContextValve.java:106):106
	at org.apache.catalina.authenticator.AuthenticatorBase.invoke(AuthenticatorBase.java:502):502
	at org.apache.catalina.core.StandardHostValve.invoke(StandardHostValve.java:142):142
	at org.apache.catalina.valves.ErrorReportValve.invoke(ErrorReportValve.java:79):79
	at org.apache.catalina.core.StandardEngineValve.invoke(StandardEngineValve.java:88):88
	at org.apache.catalina.connector.CoyoteAdapter.service(CoyoteAdapter.java:518):518
	at org.apache.coyote.ajp.AbstractAjpProcessor.process(AbstractAjpProcessor.java:844):844
	at org.apache.coyote.AbstractProtocol$AbstractConnectionHandler.process(AbstractProtocol.java:668):668
	at org.apache.tomcat.util.net.NioEndpoint$SocketProcessor.doRun(NioEndpoint.java:1527):1527
	at org.apache.tomcat.util.net.NioEndpoint$SocketProcessor.run(NioEndpoint.java:1484):1484
	at java.util.concurrent.ThreadPoolExecutor.runWorker(ThreadPoolExecutor.java:1142):1142
	at java.util.concurrent.ThreadPoolExecutor$Worker.run(ThreadPoolExecutor.java:617):617
	at org.apache.tomcat.util.threads.TaskThread$WrappingRunnable.run(TaskThread.java:61):61
	at java.lang.Thread.run(Thread.java:745):745
"
"ERROR","ajp-nio-8009-exec-3","10/13/2015","13:27:33","",";invalid component definition, can't find component [OEP.config.Coldbox];invalid component definition, can't find component [OEP.config.Coldbox]
	at lucee.runtime.component.ComponentLoader.load(ComponentLoader.java:314):314
	at lucee.runtime.component.ComponentLoader.loadComponent(ComponentLoader.java:59):59
	at lucee.runtime.PageContextImpl.loadComponent(PageContextImpl.java:2938):2938
	at lucee.runtime.functions.other.CreateObject.doComponent(CreateObject.java:228):228
	at lucee.runtime.functions.other.CreateObject.call(CreateObject.java:79):79
	at lucee.runtime.functions.other.CreateObject.call(CreateObject.java:59):59
	at coldbox.system.web.config.applicationloader_cfc$cf.udfCall1(C:\inetpub\wwwroot\OEP\coldbox\system\web\config\ApplicationLoader.cfc:76):76
	at coldbox.system.web.config.applicationloader_cfc$cf.udfCall(C:\inetpub\wwwroot\OEP\coldbox\system\web\config\ApplicationLoader.cfc):-1
	at lucee.runtime.type.UDFImpl.implementation(UDFImpl.java:111):111
	at lucee.runtime.type.UDFImpl._call(UDFImpl.java:328):328
	at lucee.runtime.type.UDFImpl.call(UDFImpl.java:229):229
	at lucee.runtime.ComponentImpl._call(ComponentImpl.java:606):606
	at lucee.runtime.ComponentImpl._call(ComponentImpl.java:524):524
	at lucee.runtime.ComponentImpl.call(ComponentImpl.java:1760):1760
	at lucee.runtime.util.VariableUtilImpl.callFunctionWithoutNamedValues(VariableUtilImpl.java:742):742
	at lucee.runtime.PageContextImpl.getFunction(PageContextImpl.java:1589):1589
	at coldbox.system.web.services.loaderservice_cfc$cf.udfCall(C:\inetpub\wwwroot\OEP\coldbox\system\web\services\LoaderService.cfc:28):28
	at lucee.runtime.type.UDFImpl.implementation(UDFImpl.java:111):111
	at lucee.runtime.type.UDFImpl._call(UDFImpl.java:328):328
	at lucee.runtime.type.UDFImpl.call(UDFImpl.java:229):229
	at lucee.runtime.ComponentImpl._call(ComponentImpl.java:606):606
	at lucee.runtime.ComponentImpl._call(ComponentImpl.java:524):524
	at lucee.runtime.ComponentImpl.call(ComponentImpl.java:1760):1760
	at lucee.runtime.util.VariableUtilImpl.callFunctionWithoutNamedValues(VariableUtilImpl.java:742):742
	at lucee.runtime.PageContextImpl.getFunction(PageContextImpl.java:1589):1589
	at coldbox.system.bootstrap_cfc$cf.udfCall1(C:\inetpub\wwwroot\OEP\coldbox\system\Bootstrap.cfc:71):71
	at coldbox.system.bootstrap_cfc$cf.udfCall(C:\inetpub\wwwroot\OEP\coldbox\system\Bootstrap.cfc):-1
	at lucee.runtime.type.UDFImpl.implementation(UDFImpl.java:111):111
	at lucee.runtime.type.UDFImpl._call(UDFImpl.java:328):328
	at lucee.runtime.type.UDFImpl.call(UDFImpl.java:229):229
	at lucee.runtime.ComponentImpl._call(ComponentImpl.java:606):606
	at lucee.runtime.ComponentImpl._call(ComponentImpl.java:524):524
	at lucee.runtime.ComponentImpl.call(ComponentImpl.java:1760):1760
	at lucee.runtime.util.VariableUtilImpl.callFunctionWithoutNamedValues(VariableUtilImpl.java:742):742
	at lucee.runtime.PageContextImpl.getFunction(PageContextImpl.java:1589):1589
	at application_cfc$cf.udfCall(C:\inetpub\wwwroot\OEP\Application.cfc:29):29
	at lucee.runtime.type.UDFImpl.implementation(UDFImpl.java:111):111
	at lucee.runtime.type.UDFImpl._call(UDFImpl.java:328):328
	at lucee.runtime.type.UDFImpl.call(UDFImpl.java:229):229
	at lucee.runtime.ComponentImpl._call(ComponentImpl.java:606):606
	at lucee.runtime.ComponentImpl._call(ComponentImpl.java:524):524
	at lucee.runtime.ComponentImpl.call(ComponentImpl.java:1760):1760
	at lucee.runtime.listener.ModernAppListener.call(ModernAppListener.java:405):405
	at lucee.runtime.listener.ModernAppListener.onApplicationStart(ModernAppListener.java:283):283
	at lucee.runtime.PageContextImpl.initApplicationContext(PageContextImpl.java:2837):2837
	at lucee.runtime.listener.ModernAppListener._onRequest(ModernAppListener.java:118):118
	at lucee.runtime.listener.MixedAppListener.onRequest(MixedAppListener.java:35):35
	at lucee.runtime.PageContextImpl.execute(PageContextImpl.java:2257):2257
	at lucee.runtime.PageContextImpl.execute(PageContextImpl.java:2224):2224
	at lucee.runtime.engine.CFMLEngineImpl.serviceCFML(CFMLEngineImpl.java:456):456
	at lucee.loader.servlet.CFMLServlet.service(CFMLServlet.java:47):47
	at javax.servlet.http.HttpServlet.service(HttpServlet.java:729):729
	at org.apache.catalina.core.ApplicationFilterChain.internalDoFilter(ApplicationFilterChain.java:291):291
	at org.apache.catalina.core.ApplicationFilterChain.doFilter(ApplicationFilterChain.java:206):206
	at org.apache.tomcat.websocket.server.WsFilter.doFilter(WsFilter.java:52):52
	at org.apache.catalina.core.ApplicationFilterChain.internalDoFilter(ApplicationFilterChain.java:239):239
	at org.apache.catalina.core.ApplicationFilterChain.doFilter(ApplicationFilterChain.java:206):206
	at org.apache.catalina.core.StandardWrapperValve.invoke(StandardWrapperValve.java:219):219
	at org.apache.catalina.core.StandardContextValve.invoke(StandardContextValve.java:106):106
	at org.apache.catalina.authenticator.AuthenticatorBase.invoke(AuthenticatorBase.java:502):502
	at org.apache.catalina.core.StandardHostValve.invoke(StandardHostValve.java:142):142
	at org.apache.catalina.valves.ErrorReportValve.invoke(ErrorReportValve.java:79):79
	at org.apache.catalina.core.StandardEngineValve.invoke(StandardEngineValve.java:88):88
	at org.apache.catalina.connector.CoyoteAdapter.service(CoyoteAdapter.java:518):518
	at org.apache.coyote.ajp.AbstractAjpProcessor.process(AbstractAjpProcessor.java:844):844
	at org.apache.coyote.AbstractProtocol$AbstractConnectionHandler.process(AbstractProtocol.java:668):668
	at org.apache.tomcat.util.net.NioEndpoint$SocketProcessor.doRun(NioEndpoint.java:1527):1527
	at org.apache.tomcat.util.net.NioEndpoint$SocketProcessor.run(NioEndpoint.java:1484):1484
	at java.util.concurrent.ThreadPoolExecutor.runWorker(ThreadPoolExecutor.java:1142):1142
	at java.util.concurrent.ThreadPoolExecutor$Worker.run(ThreadPoolExecutor.java:617):617
	at org.apache.tomcat.util.threads.TaskThread$WrappingRunnable.run(TaskThread.java:61):61
	at java.lang.Thread.run(Thread.java:745):745
"
"ERROR","ajp-nio-8009-exec-5","10/13/2015","13:33:02","",";invalid component definition, can't find component [OEP.config.Coldbox];invalid component definition, can't find component [OEP.config.Coldbox]
	at lucee.runtime.component.ComponentLoader.load(ComponentLoader.java:314):314
	at lucee.runtime.component.ComponentLoader.loadComponent(ComponentLoader.java:59):59
	at lucee.runtime.PageContextImpl.loadComponent(PageContextImpl.java:2938):2938
	at lucee.runtime.functions.other.CreateObject.doComponent(CreateObject.java:228):228
	at lucee.runtime.functions.other.CreateObject.call(CreateObject.java:79):79
	at lucee.runtime.functions.other.CreateObject.call(CreateObject.java:59):59
	at coldbox.system.web.config.applicationloader_cfc$cf.udfCall1(C:\inetpub\wwwroot\OEP\coldbox\system\web\config\ApplicationLoader.cfc:76):76
	at coldbox.system.web.config.applicationloader_cfc$cf.udfCall(C:\inetpub\wwwroot\OEP\coldbox\system\web\config\ApplicationLoader.cfc):-1
	at lucee.runtime.type.UDFImpl.implementation(UDFImpl.java:111):111
	at lucee.runtime.type.UDFImpl._call(UDFImpl.java:328):328
	at lucee.runtime.type.UDFImpl.call(UDFImpl.java:229):229
	at lucee.runtime.ComponentImpl._call(ComponentImpl.java:606):606
	at lucee.runtime.ComponentImpl._call(ComponentImpl.java:524):524
	at lucee.runtime.ComponentImpl.call(ComponentImpl.java:1760):1760
	at lucee.runtime.util.VariableUtilImpl.callFunctionWithoutNamedValues(VariableUtilImpl.java:742):742
	at lucee.runtime.PageContextImpl.getFunction(PageContextImpl.java:1589):1589
	at coldbox.system.web.services.loaderservice_cfc$cf.udfCall(C:\inetpub\wwwroot\OEP\coldbox\system\web\services\LoaderService.cfc:28):28
	at lucee.runtime.type.UDFImpl.implementation(UDFImpl.java:111):111
	at lucee.runtime.type.UDFImpl._call(UDFImpl.java:328):328
	at lucee.runtime.type.UDFImpl.call(UDFImpl.java:229):229
	at lucee.runtime.ComponentImpl._call(ComponentImpl.java:606):606
	at lucee.runtime.ComponentImpl._call(ComponentImpl.java:524):524
	at lucee.runtime.ComponentImpl.call(ComponentImpl.java:1760):1760
	at lucee.runtime.util.VariableUtilImpl.callFunctionWithoutNamedValues(VariableUtilImpl.java:742):742
	at lucee.runtime.PageContextImpl.getFunction(PageContextImpl.java:1589):1589
	at coldbox.system.bootstrap_cfc$cf.udfCall1(C:\inetpub\wwwroot\OEP\coldbox\system\Bootstrap.cfc:71):71
	at coldbox.system.bootstrap_cfc$cf.udfCall(C:\inetpub\wwwroot\OEP\coldbox\system\Bootstrap.cfc):-1
	at lucee.runtime.type.UDFImpl.implementation(UDFImpl.java:111):111
	at lucee.runtime.type.UDFImpl._call(UDFImpl.java:328):328
	at lucee.runtime.type.UDFImpl.call(UDFImpl.java:229):229
	at lucee.runtime.ComponentImpl._call(ComponentImpl.java:606):606
	at lucee.runtime.ComponentImpl._call(ComponentImpl.java:524):524
	at lucee.runtime.ComponentImpl.call(ComponentImpl.java:1760):1760
	at lucee.runtime.util.VariableUtilImpl.callFunctionWithoutNamedValues(VariableUtilImpl.java:742):742
	at lucee.runtime.PageContextImpl.getFunction(PageContextImpl.java:1589):1589
	at application_cfc$cf.udfCall(C:\inetpub\wwwroot\OEP\Application.cfc:29):29
	at lucee.runtime.type.UDFImpl.implementation(UDFImpl.java:111):111
	at lucee.runtime.type.UDFImpl._call(UDFImpl.java:328):328
	at lucee.runtime.type.UDFImpl.call(UDFImpl.java:229):229
	at lucee.runtime.ComponentImpl._call(ComponentImpl.java:606):606
	at lucee.runtime.ComponentImpl._call(ComponentImpl.java:524):524
	at lucee.runtime.ComponentImpl.call(ComponentImpl.java:1760):1760
	at lucee.runtime.listener.ModernAppListener.call(ModernAppListener.java:405):405
	at lucee.runtime.listener.ModernAppListener.onApplicationStart(ModernAppListener.java:283):283
	at lucee.runtime.PageContextImpl.initApplicationContext(PageContextImpl.java:2837):2837
	at lucee.runtime.listener.ModernAppListener._onRequest(ModernAppListener.java:118):118
	at lucee.runtime.listener.MixedAppListener.onRequest(MixedAppListener.java:35):35
	at lucee.runtime.PageContextImpl.execute(PageContextImpl.java:2257):2257
	at lucee.runtime.PageContextImpl.execute(PageContextImpl.java:2224):2224
	at lucee.runtime.engine.CFMLEngineImpl.serviceCFML(CFMLEngineImpl.java:456):456
	at lucee.loader.servlet.CFMLServlet.service(CFMLServlet.java:47):47
	at javax.servlet.http.HttpServlet.service(HttpServlet.java:729):729
	at org.apache.catalina.core.ApplicationFilterChain.internalDoFilter(ApplicationFilterChain.java:291):291
	at org.apache.catalina.core.ApplicationFilterChain.doFilter(ApplicationFilterChain.java:206):206
	at org.apache.tomcat.websocket.server.WsFilter.doFilter(WsFilter.java:52):52
	at org.apache.catalina.core.ApplicationFilterChain.internalDoFilter(ApplicationFilterChain.java:239):239
	at org.apache.catalina.core.ApplicationFilterChain.doFilter(ApplicationFilterChain.java:206):206
	at org.apache.catalina.core.StandardWrapperValve.invoke(StandardWrapperValve.java:219):219
	at org.apache.catalina.core.StandardContextValve.invoke(StandardContextValve.java:106):106
	at org.apache.catalina.authenticator.AuthenticatorBase.invoke(AuthenticatorBase.java:502):502
	at org.apache.catalina.core.StandardHostValve.invoke(StandardHostValve.java:142):142
	at org.apache.catalina.valves.ErrorReportValve.invoke(ErrorReportValve.java:79):79
	at org.apache.catalina.core.StandardEngineValve.invoke(StandardEngineValve.java:88):88
	at org.apache.catalina.connector.CoyoteAdapter.service(CoyoteAdapter.java:518):518
	at org.apache.coyote.ajp.AbstractAjpProcessor.process(AbstractAjpProcessor.java:844):844
	at org.apache.coyote.AbstractProtocol$AbstractConnectionHandler.process(AbstractProtocol.java:668):668
	at org.apache.tomcat.util.net.NioEndpoint$SocketProcessor.doRun(NioEndpoint.java:1527):1527
	at org.apache.tomcat.util.net.NioEndpoint$SocketProcessor.run(NioEndpoint.java:1484):1484
	at java.util.concurrent.ThreadPoolExecutor.runWorker(ThreadPoolExecutor.java:1142):1142
	at java.util.concurrent.ThreadPoolExecutor$Worker.run(ThreadPoolExecutor.java:617):617
	at org.apache.tomcat.util.threads.TaskThread$WrappingRunnable.run(TaskThread.java:61):61
	at java.lang.Thread.run(Thread.java:745):745
"
"ERROR","ajp-nio-8009-exec-6","10/20/2015","15:01:32","",";ORM is not enabled;ORM is not enabled
	at lucee.runtime.op.ExceptonImpl.createApplicationException(ExceptonImpl.java:88):88
	at lucee.runtime.orm.hibernate.ExceptionUtil.createException(ExceptionUtil.java:61):61
	at lucee.runtime.orm.hibernate.HibernateORMEngine.getSessionFactoryData(HibernateORMEngine.java:126):126
	at lucee.runtime.orm.hibernate.HibernateORMEngine.reload(HibernateORMEngine.java:114):114
	at lucee.runtime.config.ConfigImpl.resetORMEngine(ConfigImpl.java:2908):2908
	at lucee.runtime.orm.ORMUtil.resetEngine(ORMUtil.java:75):75
	at lucee.runtime.functions.orm.ORMReload.call(ORMReload.java:40):40
	at application_cfc$cf.udfCall(C:\inetpub\wwwroot\OEP\Application.cfc:66):66
	at lucee.runtime.type.UDFImpl.implementation(UDFImpl.java:111):111
	at lucee.runtime.type.UDFImpl._call(UDFImpl.java:328):328
	at lucee.runtime.type.UDFImpl.call(UDFImpl.java:229):229
	at lucee.runtime.ComponentImpl._call(ComponentImpl.java:606):606
	at lucee.runtime.ComponentImpl._call(ComponentImpl.java:524):524
	at lucee.runtime.ComponentImpl.call(ComponentImpl.java:1760):1760
	at lucee.runtime.listener.ModernAppListener.call(ModernAppListener.java:405):405
	at lucee.runtime.listener.ModernAppListener._onRequest(ModernAppListener.java:131):131
	at lucee.runtime.listener.MixedAppListener.onRequest(MixedAppListener.java:35):35
	at lucee.runtime.PageContextImpl.execute(PageContextImpl.java:2257):2257
	at lucee.runtime.PageContextImpl.execute(PageContextImpl.java:2224):2224
	at lucee.runtime.engine.CFMLEngineImpl.serviceCFML(CFMLEngineImpl.java:456):456
	at lucee.loader.servlet.CFMLServlet.service(CFMLServlet.java:47):47
	at javax.servlet.http.HttpServlet.service(HttpServlet.java:729):729
	at org.apache.catalina.core.ApplicationFilterChain.internalDoFilter(ApplicationFilterChain.java:291):291
	at org.apache.catalina.core.ApplicationFilterChain.doFilter(ApplicationFilterChain.java:206):206
	at org.apache.tomcat.websocket.server.WsFilter.doFilter(WsFilter.java:52):52
	at org.apache.catalina.core.ApplicationFilterChain.internalDoFilter(ApplicationFilterChain.java:239):239
	at org.apache.catalina.core.ApplicationFilterChain.doFilter(ApplicationFilterChain.java:206):206
	at org.apache.catalina.core.StandardWrapperValve.invoke(StandardWrapperValve.java:219):219
	at org.apache.catalina.core.StandardContextValve.invoke(StandardContextValve.java:106):106
	at org.apache.catalina.authenticator.AuthenticatorBase.invoke(AuthenticatorBase.java:502):502
	at org.apache.catalina.core.StandardHostValve.invoke(StandardHostValve.java:142):142
	at org.apache.catalina.valves.ErrorReportValve.invoke(ErrorReportValve.java:79):79
	at org.apache.catalina.core.StandardEngineValve.invoke(StandardEngineValve.java:88):88
	at org.apache.catalina.connector.CoyoteAdapter.service(CoyoteAdapter.java:518):518
	at org.apache.coyote.ajp.AbstractAjpProcessor.process(AbstractAjpProcessor.java:844):844
	at org.apache.coyote.AbstractProtocol$AbstractConnectionHandler.process(AbstractProtocol.java:668):668
	at org.apache.tomcat.util.net.NioEndpoint$SocketProcessor.doRun(NioEndpoint.java:1527):1527
	at org.apache.tomcat.util.net.NioEndpoint$SocketProcessor.run(NioEndpoint.java:1484):1484
	at java.util.concurrent.ThreadPoolExecutor.runWorker(ThreadPoolExecutor.java:1142):1142
	at java.util.concurrent.ThreadPoolExecutor$Worker.run(ThreadPoolExecutor.java:617):617
	at org.apache.tomcat.util.threads.TaskThread$WrappingRunnable.run(TaskThread.java:61):61
	at java.lang.Thread.run(Thread.java:745):745
"
"ERROR","ajp-nio-8009-exec-5","10/20/2015","15:02:13","",";ORM is not enabled;ORM is not enabled
	at lucee.runtime.op.ExceptonImpl.createApplicationException(ExceptonImpl.java:88):88
	at lucee.runtime.orm.hibernate.ExceptionUtil.createException(ExceptionUtil.java:61):61
	at lucee.runtime.orm.hibernate.HibernateORMEngine.getSessionFactoryData(HibernateORMEngine.java:126):126
	at lucee.runtime.orm.hibernate.HibernateORMEngine.init(HibernateORMEngine.java:88):88
	at lucee.runtime.config.ConfigImpl.getORMEngine(ConfigImpl.java:2922):2922
	at lucee.runtime.config.ConfigImpl.resetORMEngine(ConfigImpl.java:2907):2907
	at lucee.runtime.orm.ORMUtil.resetEngine(ORMUtil.java:75):75
	at lucee.runtime.functions.orm.ORMReload.call(ORMReload.java:40):40
	at application_cfc$cf.udfCall(C:\inetpub\wwwroot\OEP\Application.cfc:66):66
	at lucee.runtime.type.UDFImpl.implementation(UDFImpl.java:111):111
	at lucee.runtime.type.UDFImpl._call(UDFImpl.java:328):328
	at lucee.runtime.type.UDFImpl.call(UDFImpl.java:229):229
	at lucee.runtime.ComponentImpl._call(ComponentImpl.java:606):606
	at lucee.runtime.ComponentImpl._call(ComponentImpl.java:524):524
	at lucee.runtime.ComponentImpl.call(ComponentImpl.java:1760):1760
	at lucee.runtime.listener.ModernAppListener.call(ModernAppListener.java:405):405
	at lucee.runtime.listener.ModernAppListener._onRequest(ModernAppListener.java:131):131
	at lucee.runtime.listener.MixedAppListener.onRequest(MixedAppListener.java:35):35
	at lucee.runtime.PageContextImpl.execute(PageContextImpl.java:2257):2257
	at lucee.runtime.PageContextImpl.execute(PageContextImpl.java:2224):2224
	at lucee.runtime.engine.CFMLEngineImpl.serviceCFML(CFMLEngineImpl.java:456):456
	at lucee.loader.servlet.CFMLServlet.service(CFMLServlet.java:47):47
	at javax.servlet.http.HttpServlet.service(HttpServlet.java:729):729
	at org.apache.catalina.core.ApplicationFilterChain.internalDoFilter(ApplicationFilterChain.java:291):291
	at org.apache.catalina.core.ApplicationFilterChain.doFilter(ApplicationFilterChain.java:206):206
	at org.apache.tomcat.websocket.server.WsFilter.doFilter(WsFilter.java:52):52
	at org.apache.catalina.core.ApplicationFilterChain.internalDoFilter(ApplicationFilterChain.java:239):239
	at org.apache.catalina.core.ApplicationFilterChain.doFilter(ApplicationFilterChain.java:206):206
	at org.apache.catalina.core.StandardWrapperValve.invoke(StandardWrapperValve.java:219):219
	at org.apache.catalina.core.StandardContextValve.invoke(StandardContextValve.java:106):106
	at org.apache.catalina.authenticator.AuthenticatorBase.invoke(AuthenticatorBase.java:502):502
	at org.apache.catalina.core.StandardHostValve.invoke(StandardHostValve.java:142):142
	at org.apache.catalina.valves.ErrorReportValve.invoke(ErrorReportValve.java:79):79
	at org.apache.catalina.core.StandardEngineValve.invoke(StandardEngineValve.java:88):88
	at org.apache.catalina.connector.CoyoteAdapter.service(CoyoteAdapter.java:518):518
	at org.apache.coyote.ajp.AbstractAjpProcessor.process(AbstractAjpProcessor.java:844):844
	at org.apache.coyote.AbstractProtocol$AbstractConnectionHandler.process(AbstractProtocol.java:668):668
	at org.apache.tomcat.util.net.NioEndpoint$SocketProcessor.doRun(NioEndpoint.java:1527):1527
	at org.apache.tomcat.util.net.NioEndpoint$SocketProcessor.run(NioEndpoint.java:1484):1484
	at java.util.concurrent.ThreadPoolExecutor.runWorker(ThreadPoolExecutor.java:1142):1142
	at java.util.concurrent.ThreadPoolExecutor$Worker.run(ThreadPoolExecutor.java:617):617
	at org.apache.tomcat.util.threads.TaskThread$WrappingRunnable.run(TaskThread.java:61):61
	at java.lang.Thread.run(Thread.java:745):745
"
"ERROR","ajp-nio-8009-exec-3","10/20/2015","16:56:35","",";The key [COLDBOX_APP_ROOT_PATH] does not exist.;The key [COLDBOX_APP_ROOT_PATH] does not exist.
	at lucee.runtime.type.scope.UndefinedImpl.get(UndefinedImpl.java:224):224
	at application_cfc$cf.initComponent(C:\inetpub\wwwroot\OEP\Application.cfc:14):14
	at application_cfc$cf.newInstance(C:\inetpub\wwwroot\OEP\Application.cfc:7):7
	at lucee.runtime.component.ComponentLoader.initComponent(ComponentLoader.java:576):576
	at lucee.runtime.component.ComponentLoader.loadComponent(ComponentLoader.java:440):440
	at lucee.runtime.component.ComponentLoader.loadComponent(ComponentLoader.java:388):388
	at lucee.runtime.listener.ModernAppListener._onRequest(ModernAppListener.java:110):110
	at lucee.runtime.listener.MixedAppListener.onRequest(MixedAppListener.java:35):35
	at lucee.runtime.PageContextImpl.execute(PageContextImpl.java:2257):2257
	at lucee.runtime.PageContextImpl.execute(PageContextImpl.java:2224):2224
	at lucee.runtime.engine.CFMLEngineImpl.serviceCFML(CFMLEngineImpl.java:456):456
	at lucee.loader.servlet.CFMLServlet.service(CFMLServlet.java:47):47
	at javax.servlet.http.HttpServlet.service(HttpServlet.java:729):729
	at org.apache.catalina.core.ApplicationFilterChain.internalDoFilter(ApplicationFilterChain.java:291):291
	at org.apache.catalina.core.ApplicationFilterChain.doFilter(ApplicationFilterChain.java:206):206
	at org.apache.tomcat.websocket.server.WsFilter.doFilter(WsFilter.java:52):52
	at org.apache.catalina.core.ApplicationFilterChain.internalDoFilter(ApplicationFilterChain.java:239):239
	at org.apache.catalina.core.ApplicationFilterChain.doFilter(ApplicationFilterChain.java:206):206
	at org.apache.catalina.core.StandardWrapperValve.invoke(StandardWrapperValve.java:219):219
	at org.apache.catalina.core.StandardContextValve.invoke(StandardContextValve.java:106):106
	at org.apache.catalina.authenticator.AuthenticatorBase.invoke(AuthenticatorBase.java:502):502
	at org.apache.catalina.core.StandardHostValve.invoke(StandardHostValve.java:142):142
	at org.apache.catalina.valves.ErrorReportValve.invoke(ErrorReportValve.java:79):79
	at org.apache.catalina.core.StandardEngineValve.invoke(StandardEngineValve.java:88):88
	at org.apache.catalina.connector.CoyoteAdapter.service(CoyoteAdapter.java:518):518
	at org.apache.coyote.ajp.AbstractAjpProcessor.process(AbstractAjpProcessor.java:844):844
	at org.apache.coyote.AbstractProtocol$AbstractConnectionHandler.process(AbstractProtocol.java:668):668
	at org.apache.tomcat.util.net.NioEndpoint$SocketProcessor.doRun(NioEndpoint.java:1527):1527
	at org.apache.tomcat.util.net.NioEndpoint$SocketProcessor.run(NioEndpoint.java:1484):1484
	at java.util.concurrent.ThreadPoolExecutor.runWorker(ThreadPoolExecutor.java:1142):1142
	at java.util.concurrent.ThreadPoolExecutor$Worker.run(ThreadPoolExecutor.java:617):617
	at org.apache.tomcat.util.threads.TaskThread$WrappingRunnable.run(TaskThread.java:61):61
	at java.lang.Thread.run(Thread.java:745):745
"
"ERROR","ajp-nio-8009-exec-5","10/20/2015","16:57:19","",";invalid component definition, can't find component [coldbox.system.orm.hibernate.WBEventHandler];invalid component definition, can't find component [coldbox.system.orm.hibernate.WBEventHandler]
	at lucee.runtime.component.ComponentLoader.load(ComponentLoader.java:314):314
	at lucee.runtime.component.ComponentLoader.loadComponent(ComponentLoader.java:59):59
	at lucee.runtime.PageContextImpl.loadComponent(PageContextImpl.java:2938):2938
	at lucee.runtime.orm.hibernate.HibernateORMEngine.addEventListeners(HibernateORMEngine.java:234):234
	at lucee.runtime.orm.hibernate.HibernateORMEngine.getSessionFactoryData(HibernateORMEngine.java:216):216
	at lucee.runtime.orm.hibernate.HibernateORMEngine.init(HibernateORMEngine.java:88):88
	at lucee.runtime.config.ConfigImpl.getORMEngine(ConfigImpl.java:2922):2922
	at lucee.runtime.config.ConfigImpl.resetORMEngine(ConfigImpl.java:2907):2907
	at lucee.runtime.orm.ORMUtil.resetEngine(ORMUtil.java:75):75
	at lucee.runtime.listener.ModernAppListener.initApplicationContext(ModernAppListener.java:439):439
	at lucee.runtime.listener.ModernAppListener._onRequest(ModernAppListener.java:113):113
	at lucee.runtime.listener.MixedAppListener.onRequest(MixedAppListener.java:35):35
	at lucee.runtime.PageContextImpl.execute(PageContextImpl.java:2257):2257
	at lucee.runtime.PageContextImpl.execute(PageContextImpl.java:2224):2224
	at lucee.runtime.engine.CFMLEngineImpl.serviceCFML(CFMLEngineImpl.java:456):456
	at lucee.loader.servlet.CFMLServlet.service(CFMLServlet.java:47):47
	at javax.servlet.http.HttpServlet.service(HttpServlet.java:729):729
	at org.apache.catalina.core.ApplicationFilterChain.internalDoFilter(ApplicationFilterChain.java:291):291
	at org.apache.catalina.core.ApplicationFilterChain.doFilter(ApplicationFilterChain.java:206):206
	at org.apache.tomcat.websocket.server.WsFilter.doFilter(WsFilter.java:52):52
	at org.apache.catalina.core.ApplicationFilterChain.internalDoFilter(ApplicationFilterChain.java:239):239
	at org.apache.catalina.core.ApplicationFilterChain.doFilter(ApplicationFilterChain.java:206):206
	at org.apache.catalina.core.StandardWrapperValve.invoke(StandardWrapperValve.java:219):219
	at org.apache.catalina.core.StandardContextValve.invoke(StandardContextValve.java:106):106
	at org.apache.catalina.authenticator.AuthenticatorBase.invoke(AuthenticatorBase.java:502):502
	at org.apache.catalina.core.StandardHostValve.invoke(StandardHostValve.java:142):142
	at org.apache.catalina.valves.ErrorReportValve.invoke(ErrorReportValve.java:79):79
	at org.apache.catalina.core.StandardEngineValve.invoke(StandardEngineValve.java:88):88
	at org.apache.catalina.connector.CoyoteAdapter.service(CoyoteAdapter.java:518):518
	at org.apache.coyote.ajp.AbstractAjpProcessor.process(AbstractAjpProcessor.java:844):844
	at org.apache.coyote.AbstractProtocol$AbstractConnectionHandler.process(AbstractProtocol.java:668):668
	at org.apache.tomcat.util.net.NioEndpoint$SocketProcessor.doRun(NioEndpoint.java:1527):1527
	at org.apache.tomcat.util.net.NioEndpoint$SocketProcessor.run(NioEndpoint.java:1484):1484
	at java.util.concurrent.ThreadPoolExecutor.runWorker(ThreadPoolExecutor.java:1142):1142
	at java.util.concurrent.ThreadPoolExecutor$Worker.run(ThreadPoolExecutor.java:617):617
	at org.apache.tomcat.util.threads.TaskThread$WrappingRunnable.run(TaskThread.java:61):61
	at java.lang.Thread.run(Thread.java:745):745
"
"ERROR","ajp-nio-8009-exec-6","10/20/2015","16:58:17","",";invalid component definition, can't find component [cborm.hibernate.WBEventHandler];invalid component definition, can't find component [cborm.hibernate.WBEventHandler]
	at lucee.runtime.component.ComponentLoader.load(ComponentLoader.java:314):314
	at lucee.runtime.component.ComponentLoader.loadComponent(ComponentLoader.java:59):59
	at lucee.runtime.PageContextImpl.loadComponent(PageContextImpl.java:2938):2938
	at lucee.runtime.orm.hibernate.HibernateORMEngine.addEventListeners(HibernateORMEngine.java:234):234
	at lucee.runtime.orm.hibernate.HibernateORMEngine.getSessionFactoryData(HibernateORMEngine.java:216):216
	at lucee.runtime.orm.hibernate.HibernateORMEngine.init(HibernateORMEngine.java:88):88
	at lucee.runtime.config.ConfigImpl.getORMEngine(ConfigImpl.java:2922):2922
	at lucee.runtime.config.ConfigImpl.resetORMEngine(ConfigImpl.java:2907):2907
	at lucee.runtime.orm.ORMUtil.resetEngine(ORMUtil.java:75):75
	at lucee.runtime.listener.ModernAppListener.initApplicationContext(ModernAppListener.java:439):439
	at lucee.runtime.listener.ModernAppListener._onRequest(ModernAppListener.java:113):113
	at lucee.runtime.listener.MixedAppListener.onRequest(MixedAppListener.java:35):35
	at lucee.runtime.PageContextImpl.execute(PageContextImpl.java:2257):2257
	at lucee.runtime.PageContextImpl.execute(PageContextImpl.java:2224):2224
	at lucee.runtime.engine.CFMLEngineImpl.serviceCFML(CFMLEngineImpl.java:456):456
	at lucee.loader.servlet.CFMLServlet.service(CFMLServlet.java:47):47
	at javax.servlet.http.HttpServlet.service(HttpServlet.java:729):729
	at org.apache.catalina.core.ApplicationFilterChain.internalDoFilter(ApplicationFilterChain.java:291):291
	at org.apache.catalina.core.ApplicationFilterChain.doFilter(ApplicationFilterChain.java:206):206
	at org.apache.tomcat.websocket.server.WsFilter.doFilter(WsFilter.java:52):52
	at org.apache.catalina.core.ApplicationFilterChain.internalDoFilter(ApplicationFilterChain.java:239):239
	at org.apache.catalina.core.ApplicationFilterChain.doFilter(ApplicationFilterChain.java:206):206
	at org.apache.catalina.core.StandardWrapperValve.invoke(StandardWrapperValve.java:219):219
	at org.apache.catalina.core.StandardContextValve.invoke(StandardContextValve.java:106):106
	at org.apache.catalina.authenticator.AuthenticatorBase.invoke(AuthenticatorBase.java:502):502
	at org.apache.catalina.core.StandardHostValve.invoke(StandardHostValve.java:142):142
	at org.apache.catalina.valves.ErrorReportValve.invoke(ErrorReportValve.java:79):79
	at org.apache.catalina.core.StandardEngineValve.invoke(StandardEngineValve.java:88):88
	at org.apache.catalina.connector.CoyoteAdapter.service(CoyoteAdapter.java:518):518
	at org.apache.coyote.ajp.AbstractAjpProcessor.process(AbstractAjpProcessor.java:844):844
	at org.apache.coyote.AbstractProtocol$AbstractConnectionHandler.process(AbstractProtocol.java:668):668
	at org.apache.tomcat.util.net.NioEndpoint$SocketProcessor.doRun(NioEndpoint.java:1527):1527
	at org.apache.tomcat.util.net.NioEndpoint$SocketProcessor.run(NioEndpoint.java:1484):1484
	at java.util.concurrent.ThreadPoolExecutor.runWorker(ThreadPoolExecutor.java:1142):1142
	at java.util.concurrent.ThreadPoolExecutor$Worker.run(ThreadPoolExecutor.java:617):617
	at org.apache.tomcat.util.threads.TaskThread$WrappingRunnable.run(TaskThread.java:61):61
	at java.lang.Thread.run(Thread.java:745):745
"
"ERROR","ajp-nio-8009-exec-8","10/20/2015","17:00:14","",";Cannot activate module: cbvalidation
The module has not been registered, register the module first and then activate it.;Cannot activate module: cbvalidation
	at coldbox.system.web.services.moduleservice_cfc$cf.udfCall2(C:\inetpub\wwwroot\OEP\coldbox\system\web\services\ModuleService.cfc:355):355
	at coldbox.system.web.services.moduleservice_cfc$cf.udfCall(C:\inetpub\wwwroot\OEP\coldbox\system\web\services\ModuleService.cfc):-1
	at lucee.runtime.type.UDFImpl.implementation(UDFImpl.java:111):111
	at lucee.runtime.type.UDFImpl._call(UDFImpl.java:328):328
	at lucee.runtime.type.UDFImpl.call(UDFImpl.java:229):229
	at lucee.runtime.type.scope.UndefinedImpl.call(UndefinedImpl.java:766):766
	at lucee.runtime.util.VariableUtilImpl.callFunctionWithoutNamedValues(VariableUtilImpl.java:742):742
	at lucee.runtime.PageContextImpl.getFunction(PageContextImpl.java:1589):1589
	at coldbox.system.web.services.moduleservice_cfc$cf.udfCall2(C:\inetpub\wwwroot\OEP\coldbox\system\web\services\ModuleService.cfc:386):386
	at coldbox.system.web.services.moduleservice_cfc$cf.udfCall(C:\inetpub\wwwroot\OEP\coldbox\system\web\services\ModuleService.cfc):-1
	at lucee.runtime.type.UDFImpl.implementation(UDFImpl.java:111):111
	at lucee.runtime.type.UDFImpl._call(UDFImpl.java:328):328
	at lucee.runtime.type.UDFImpl.call(UDFImpl.java:229):229
	at lucee.runtime.type.scope.UndefinedImpl.call(UndefinedImpl.java:766):766
	at lucee.runtime.util.VariableUtilImpl.callFunctionWithoutNamedValues(VariableUtilImpl.java:742):742
	at lucee.runtime.PageContextImpl.getFunction(PageContextImpl.java:1589):1589
	at coldbox.system.web.services.moduleservice_cfc$cf.udfCall2(C:\inetpub\wwwroot\OEP\coldbox\system\web\services\ModuleService.cfc:334):334
	at coldbox.system.web.services.moduleservice_cfc$cf.udfCall(C:\inetpub\wwwroot\OEP\coldbox\system\web\services\ModuleService.cfc):-1
	at lucee.runtime.type.UDFImpl.implementation(UDFImpl.java:111):111
	at lucee.runtime.type.UDFImpl._call(UDFImpl.java:328):328
	at lucee.runtime.type.UDFImpl.call(UDFImpl.java:229):229
	at lucee.runtime.ComponentImpl._call(ComponentImpl.java:606):606
	at lucee.runtime.ComponentImpl._call(ComponentImpl.java:524):524
	at lucee.runtime.ComponentImpl.call(ComponentImpl.java:1760):1760
	at lucee.runtime.util.VariableUtilImpl.callFunctionWithoutNamedValues(VariableUtilImpl.java:742):742
	at lucee.runtime.PageContextImpl.getFunction(PageContextImpl.java:1589):1589
	at coldbox.system.web.services.loaderservice_cfc$cf.udfCall(C:\inetpub\wwwroot\OEP\coldbox\system\web\services\LoaderService.cfc:58):58
	at lucee.runtime.type.UDFImpl.implementation(UDFImpl.java:111):111
	at lucee.runtime.type.UDFImpl._call(UDFImpl.java:328):328
	at lucee.runtime.type.UDFImpl.call(UDFImpl.java:229):229
	at lucee.runtime.ComponentImpl._call(ComponentImpl.java:606):606
	at lucee.runtime.ComponentImpl._call(ComponentImpl.java:524):524
	at lucee.runtime.ComponentImpl.call(ComponentImpl.java:1760):1760
	at lucee.runtime.util.VariableUtilImpl.callFunctionWithoutNamedValues(VariableUtilImpl.java:742):742
	at lucee.runtime.PageContextImpl.getFunction(PageContextImpl.java:1589):1589
	at coldbox.system.bootstrap_cfc$cf.udfCall1(C:\inetpub\wwwroot\OEP\coldbox\system\Bootstrap.cfc:71):71
	at coldbox.system.bootstrap_cfc$cf.udfCall(C:\inetpub\wwwroot\OEP\coldbox\system\Bootstrap.cfc):-1
	at lucee.runtime.type.UDFImpl.implementation(UDFImpl.java:111):111
	at lucee.runtime.type.UDFImpl._call(UDFImpl.java:328):328
	at lucee.runtime.type.UDFImpl.call(UDFImpl.java:229):229
	at lucee.runtime.ComponentImpl._call(ComponentImpl.java:606):606
	at lucee.runtime.ComponentImpl._call(ComponentImpl.java:524):524
	at lucee.runtime.ComponentImpl.call(ComponentImpl.java:1760):1760
	at lucee.runtime.util.VariableUtilImpl.callFunctionWithoutNamedValues(VariableUtilImpl.java:742):742
	at lucee.runtime.PageContextImpl.getFunction(PageContextImpl.java:1589):1589
	at application_cfc$cf.udfCall(C:\inetpub\wwwroot\OEP\Application.cfc:60):60
	at lucee.runtime.type.UDFImpl.implementation(UDFImpl.java:111):111
	at lucee.runtime.type.UDFImpl._call(UDFImpl.java:328):328
	at lucee.runtime.type.UDFImpl.call(UDFImpl.java:229):229
	at lucee.runtime.ComponentImpl._call(ComponentImpl.java:606):606
	at lucee.runtime.ComponentImpl._call(ComponentImpl.java:524):524
	at lucee.runtime.ComponentImpl.call(ComponentImpl.java:1760):1760
	at lucee.runtime.listener.ModernAppListener.call(ModernAppListener.java:405):405
	at lucee.runtime.listener.ModernAppListener.onApplicationStart(ModernAppListener.java:283):283
	at lucee.runtime.PageContextImpl.initApplicationContext(PageContextImpl.java:2837):2837
	at lucee.runtime.listener.ModernAppListener._onRequest(ModernAppListener.java:118):118
	at lucee.runtime.listener.MixedAppListener.onRequest(MixedAppListener.java:35):35
	at lucee.runtime.PageContextImpl.execute(PageContextImpl.java:2257):2257
	at lucee.runtime.PageContextImpl.execute(PageContextImpl.java:2224):2224
	at lucee.runtime.engine.CFMLEngineImpl.serviceCFML(CFMLEngineImpl.java:456):456
	at lucee.loader.servlet.CFMLServlet.service(CFMLServlet.java:47):47
	at javax.servlet.http.HttpServlet.service(HttpServlet.java:729):729
	at org.apache.catalina.core.ApplicationFilterChain.internalDoFilter(ApplicationFilterChain.java:291):291
	at org.apache.catalina.core.ApplicationFilterChain.doFilter(ApplicationFilterChain.java:206):206
	at org.apache.tomcat.websocket.server.WsFilter.doFilter(WsFilter.java:52):52
	at org.apache.catalina.core.ApplicationFilterChain.internalDoFilter(ApplicationFilterChain.java:239):239
	at org.apache.catalina.core.ApplicationFilterChain.doFilter(ApplicationFilterChain.java:206):206
	at org.apache.catalina.core.StandardWrapperValve.invoke(StandardWrapperValve.java:219):219
	at org.apache.catalina.core.StandardContextValve.invoke(StandardContextValve.java:106):106
	at org.apache.catalina.authenticator.AuthenticatorBase.invoke(AuthenticatorBase.java:502):502
	at org.apache.catalina.core.StandardHostValve.invoke(StandardHostValve.java:142):142
	at org.apache.catalina.valves.ErrorReportValve.invoke(ErrorReportValve.java:79):79
	at org.apache.catalina.core.StandardEngineValve.invoke(StandardEngineValve.java:88):88
	at org.apache.catalina.connector.CoyoteAdapter.service(CoyoteAdapter.java:518):518
	at org.apache.coyote.ajp.AbstractAjpProcessor.process(AbstractAjpProcessor.java:844):844
	at org.apache.coyote.AbstractProtocol$AbstractConnectionHandler.process(AbstractProtocol.java:668):668
	at org.apache.tomcat.util.net.NioEndpoint$SocketProcessor.doRun(NioEndpoint.java:1527):1527
	at org.apache.tomcat.util.net.NioEndpoint$SocketProcessor.run(NioEndpoint.java:1484):1484
	at java.util.concurrent.ThreadPoolExecutor.runWorker(ThreadPoolExecutor.java:1142):1142
	at java.util.concurrent.ThreadPoolExecutor$Worker.run(ThreadPoolExecutor.java:617):617
	at org.apache.tomcat.util.threads.TaskThread$WrappingRunnable.run(TaskThread.java:61):61
	at java.lang.Thread.run(Thread.java:745):745
"
"ERROR","ajp-nio-8009-exec-10","10/20/2015","17:01:16","",";Cannot activate module: cbvalidation
The module has not been registered, register the module first and then activate it.;Cannot activate module: cbvalidation
	at coldbox.system.web.services.moduleservice_cfc$cf.udfCall2(C:\inetpub\wwwroot\OEP\coldbox\system\web\services\ModuleService.cfc:355):355
	at coldbox.system.web.services.moduleservice_cfc$cf.udfCall(C:\inetpub\wwwroot\OEP\coldbox\system\web\services\ModuleService.cfc):-1
	at lucee.runtime.type.UDFImpl.implementation(UDFImpl.java:111):111
	at lucee.runtime.type.UDFImpl._call(UDFImpl.java:328):328
	at lucee.runtime.type.UDFImpl.call(UDFImpl.java:229):229
	at lucee.runtime.type.scope.UndefinedImpl.call(UndefinedImpl.java:766):766
	at lucee.runtime.util.VariableUtilImpl.callFunctionWithoutNamedValues(VariableUtilImpl.java:742):742
	at lucee.runtime.PageContextImpl.getFunction(PageContextImpl.java:1589):1589
	at coldbox.system.web.services.moduleservice_cfc$cf.udfCall2(C:\inetpub\wwwroot\OEP\coldbox\system\web\services\ModuleService.cfc:386):386
	at coldbox.system.web.services.moduleservice_cfc$cf.udfCall(C:\inetpub\wwwroot\OEP\coldbox\system\web\services\ModuleService.cfc):-1
	at lucee.runtime.type.UDFImpl.implementation(UDFImpl.java:111):111
	at lucee.runtime.type.UDFImpl._call(UDFImpl.java:328):328
	at lucee.runtime.type.UDFImpl.call(UDFImpl.java:229):229
	at lucee.runtime.type.scope.UndefinedImpl.call(UndefinedImpl.java:766):766
	at lucee.runtime.util.VariableUtilImpl.callFunctionWithoutNamedValues(VariableUtilImpl.java:742):742
	at lucee.runtime.PageContextImpl.getFunction(PageContextImpl.java:1589):1589
	at coldbox.system.web.services.moduleservice_cfc$cf.udfCall2(C:\inetpub\wwwroot\OEP\coldbox\system\web\services\ModuleService.cfc:334):334
	at coldbox.system.web.services.moduleservice_cfc$cf.udfCall(C:\inetpub\wwwroot\OEP\coldbox\system\web\services\ModuleService.cfc):-1
	at lucee.runtime.type.UDFImpl.implementation(UDFImpl.java:111):111
	at lucee.runtime.type.UDFImpl._call(UDFImpl.java:328):328
	at lucee.runtime.type.UDFImpl.call(UDFImpl.java:229):229
	at lucee.runtime.ComponentImpl._call(ComponentImpl.java:606):606
	at lucee.runtime.ComponentImpl._call(ComponentImpl.java:524):524
	at lucee.runtime.ComponentImpl.call(ComponentImpl.java:1760):1760
	at lucee.runtime.util.VariableUtilImpl.callFunctionWithoutNamedValues(VariableUtilImpl.java:742):742
	at lucee.runtime.PageContextImpl.getFunction(PageContextImpl.java:1589):1589
	at coldbox.system.web.services.loaderservice_cfc$cf.udfCall(C:\inetpub\wwwroot\OEP\coldbox\system\web\services\LoaderService.cfc:58):58
	at lucee.runtime.type.UDFImpl.implementation(UDFImpl.java:111):111
	at lucee.runtime.type.UDFImpl._call(UDFImpl.java:328):328
	at lucee.runtime.type.UDFImpl.call(UDFImpl.java:229):229
	at lucee.runtime.ComponentImpl._call(ComponentImpl.java:606):606
	at lucee.runtime.ComponentImpl._call(ComponentImpl.java:524):524
	at lucee.runtime.ComponentImpl.call(ComponentImpl.java:1760):1760
	at lucee.runtime.util.VariableUtilImpl.callFunctionWithoutNamedValues(VariableUtilImpl.java:742):742
	at lucee.runtime.PageContextImpl.getFunction(PageContextImpl.java:1589):1589
	at coldbox.system.bootstrap_cfc$cf.udfCall1(C:\inetpub\wwwroot\OEP\coldbox\system\Bootstrap.cfc:71):71
	at coldbox.system.bootstrap_cfc$cf.udfCall(C:\inetpub\wwwroot\OEP\coldbox\system\Bootstrap.cfc):-1
	at lucee.runtime.type.UDFImpl.implementation(UDFImpl.java:111):111
	at lucee.runtime.type.UDFImpl._call(UDFImpl.java:328):328
	at lucee.runtime.type.UDFImpl.call(UDFImpl.java:229):229
	at lucee.runtime.ComponentImpl._call(ComponentImpl.java:606):606
	at lucee.runtime.ComponentImpl._call(ComponentImpl.java:524):524
	at lucee.runtime.ComponentImpl.call(ComponentImpl.java:1760):1760
	at lucee.runtime.util.VariableUtilImpl.callFunctionWithoutNamedValues(VariableUtilImpl.java:742):742
	at lucee.runtime.PageContextImpl.getFunction(PageContextImpl.java:1589):1589
	at application_cfc$cf.udfCall(C:\inetpub\wwwroot\OEP\Application.cfc:60):60
	at lucee.runtime.type.UDFImpl.implementation(UDFImpl.java:111):111
	at lucee.runtime.type.UDFImpl._call(UDFImpl.java:328):328
	at lucee.runtime.type.UDFImpl.call(UDFImpl.java:229):229
	at lucee.runtime.ComponentImpl._call(ComponentImpl.java:606):606
	at lucee.runtime.ComponentImpl._call(ComponentImpl.java:524):524
	at lucee.runtime.ComponentImpl.call(ComponentImpl.java:1760):1760
	at lucee.runtime.listener.ModernAppListener.call(ModernAppListener.java:405):405
	at lucee.runtime.listener.ModernAppListener.onApplicationStart(ModernAppListener.java:283):283
	at lucee.runtime.PageContextImpl.initApplicationContext(PageContextImpl.java:2837):2837
	at lucee.runtime.listener.ModernAppListener._onRequest(ModernAppListener.java:118):118
	at lucee.runtime.listener.MixedAppListener.onRequest(MixedAppListener.java:35):35
	at lucee.runtime.PageContextImpl.execute(PageContextImpl.java:2257):2257
	at lucee.runtime.PageContextImpl.execute(PageContextImpl.java:2224):2224
	at lucee.runtime.engine.CFMLEngineImpl.serviceCFML(CFMLEngineImpl.java:456):456
	at lucee.loader.servlet.CFMLServlet.service(CFMLServlet.java:47):47
	at javax.servlet.http.HttpServlet.service(HttpServlet.java:729):729
	at org.apache.catalina.core.ApplicationFilterChain.internalDoFilter(ApplicationFilterChain.java:291):291
	at org.apache.catalina.core.ApplicationFilterChain.doFilter(ApplicationFilterChain.java:206):206
	at org.apache.tomcat.websocket.server.WsFilter.doFilter(WsFilter.java:52):52
	at org.apache.catalina.core.ApplicationFilterChain.internalDoFilter(ApplicationFilterChain.java:239):239
	at org.apache.catalina.core.ApplicationFilterChain.doFilter(ApplicationFilterChain.java:206):206
	at org.apache.catalina.core.StandardWrapperValve.invoke(StandardWrapperValve.java:219):219
	at org.apache.catalina.core.StandardContextValve.invoke(StandardContextValve.java:106):106
	at org.apache.catalina.authenticator.AuthenticatorBase.invoke(AuthenticatorBase.java:502):502
	at org.apache.catalina.core.StandardHostValve.invoke(StandardHostValve.java:142):142
	at org.apache.catalina.valves.ErrorReportValve.invoke(ErrorReportValve.java:79):79
	at org.apache.catalina.core.StandardEngineValve.invoke(StandardEngineValve.java:88):88
	at org.apache.catalina.connector.CoyoteAdapter.service(CoyoteAdapter.java:518):518
	at org.apache.coyote.ajp.AbstractAjpProcessor.process(AbstractAjpProcessor.java:844):844
	at org.apache.coyote.AbstractProtocol$AbstractConnectionHandler.process(AbstractProtocol.java:668):668
	at org.apache.tomcat.util.net.NioEndpoint$SocketProcessor.doRun(NioEndpoint.java:1527):1527
	at org.apache.tomcat.util.net.NioEndpoint$SocketProcessor.run(NioEndpoint.java:1484):1484
	at java.util.concurrent.ThreadPoolExecutor.runWorker(ThreadPoolExecutor.java:1142):1142
	at java.util.concurrent.ThreadPoolExecutor$Worker.run(ThreadPoolExecutor.java:617):617
	at org.apache.tomcat.util.threads.TaskThread$WrappingRunnable.run(TaskThread.java:61):61
	at java.lang.Thread.run(Thread.java:745):745
"
"ERROR","ajp-nio-8009-exec-3","10/20/2015","17:02:11","",";Cannot activate module: cbvalidation
The module has not been registered, register the module first and then activate it.;Cannot activate module: cbvalidation
	at coldbox.system.web.services.moduleservice_cfc$cf.udfCall2(C:\inetpub\wwwroot\OEP\coldbox\system\web\services\ModuleService.cfc:355):355
	at coldbox.system.web.services.moduleservice_cfc$cf.udfCall(C:\inetpub\wwwroot\OEP\coldbox\system\web\services\ModuleService.cfc):-1
	at lucee.runtime.type.UDFImpl.implementation(UDFImpl.java:111):111
	at lucee.runtime.type.UDFImpl._call(UDFImpl.java:328):328
	at lucee.runtime.type.UDFImpl.call(UDFImpl.java:229):229
	at lucee.runtime.type.scope.UndefinedImpl.call(UndefinedImpl.java:766):766
	at lucee.runtime.util.VariableUtilImpl.callFunctionWithoutNamedValues(VariableUtilImpl.java:742):742
	at lucee.runtime.PageContextImpl.getFunction(PageContextImpl.java:1589):1589
	at coldbox.system.web.services.moduleservice_cfc$cf.udfCall2(C:\inetpub\wwwroot\OEP\coldbox\system\web\services\ModuleService.cfc:386):386
	at coldbox.system.web.services.moduleservice_cfc$cf.udfCall(C:\inetpub\wwwroot\OEP\coldbox\system\web\services\ModuleService.cfc):-1
	at lucee.runtime.type.UDFImpl.implementation(UDFImpl.java:111):111
	at lucee.runtime.type.UDFImpl._call(UDFImpl.java:328):328
	at lucee.runtime.type.UDFImpl.call(UDFImpl.java:229):229
	at lucee.runtime.type.scope.UndefinedImpl.call(UndefinedImpl.java:766):766
	at lucee.runtime.util.VariableUtilImpl.callFunctionWithoutNamedValues(VariableUtilImpl.java:742):742
	at lucee.runtime.PageContextImpl.getFunction(PageContextImpl.java:1589):1589
	at coldbox.system.web.services.moduleservice_cfc$cf.udfCall2(C:\inetpub\wwwroot\OEP\coldbox\system\web\services\ModuleService.cfc:334):334
	at coldbox.system.web.services.moduleservice_cfc$cf.udfCall(C:\inetpub\wwwroot\OEP\coldbox\system\web\services\ModuleService.cfc):-1
	at lucee.runtime.type.UDFImpl.implementation(UDFImpl.java:111):111
	at lucee.runtime.type.UDFImpl._call(UDFImpl.java:328):328
	at lucee.runtime.type.UDFImpl.call(UDFImpl.java:229):229
	at lucee.runtime.ComponentImpl._call(ComponentImpl.java:606):606
	at lucee.runtime.ComponentImpl._call(ComponentImpl.java:524):524
	at lucee.runtime.ComponentImpl.call(ComponentImpl.java:1760):1760
	at lucee.runtime.util.VariableUtilImpl.callFunctionWithoutNamedValues(VariableUtilImpl.java:742):742
	at lucee.runtime.PageContextImpl.getFunction(PageContextImpl.java:1589):1589
	at coldbox.system.web.services.loaderservice_cfc$cf.udfCall(C:\inetpub\wwwroot\OEP\coldbox\system\web\services\LoaderService.cfc:58):58
	at lucee.runtime.type.UDFImpl.implementation(UDFImpl.java:111):111
	at lucee.runtime.type.UDFImpl._call(UDFImpl.java:328):328
	at lucee.runtime.type.UDFImpl.call(UDFImpl.java:229):229
	at lucee.runtime.ComponentImpl._call(ComponentImpl.java:606):606
	at lucee.runtime.ComponentImpl._call(ComponentImpl.java:524):524
	at lucee.runtime.ComponentImpl.call(ComponentImpl.java:1760):1760
	at lucee.runtime.util.VariableUtilImpl.callFunctionWithoutNamedValues(VariableUtilImpl.java:742):742
	at lucee.runtime.PageContextImpl.getFunction(PageContextImpl.java:1589):1589
	at coldbox.system.bootstrap_cfc$cf.udfCall1(C:\inetpub\wwwroot\OEP\coldbox\system\Bootstrap.cfc:71):71
	at coldbox.system.bootstrap_cfc$cf.udfCall(C:\inetpub\wwwroot\OEP\coldbox\system\Bootstrap.cfc):-1
	at lucee.runtime.type.UDFImpl.implementation(UDFImpl.java:111):111
	at lucee.runtime.type.UDFImpl._call(UDFImpl.java:328):328
	at lucee.runtime.type.UDFImpl.call(UDFImpl.java:229):229
	at lucee.runtime.ComponentImpl._call(ComponentImpl.java:606):606
	at lucee.runtime.ComponentImpl._call(ComponentImpl.java:524):524
	at lucee.runtime.ComponentImpl.call(ComponentImpl.java:1760):1760
	at lucee.runtime.util.VariableUtilImpl.callFunctionWithoutNamedValues(VariableUtilImpl.java:742):742
	at lucee.runtime.PageContextImpl.getFunction(PageContextImpl.java:1589):1589
	at application_cfc$cf.udfCall(C:\inetpub\wwwroot\OEP\Application.cfc:60):60
	at lucee.runtime.type.UDFImpl.implementation(UDFImpl.java:111):111
	at lucee.runtime.type.UDFImpl._call(UDFImpl.java:328):328
	at lucee.runtime.type.UDFImpl.call(UDFImpl.java:229):229
	at lucee.runtime.ComponentImpl._call(ComponentImpl.java:606):606
	at lucee.runtime.ComponentImpl._call(ComponentImpl.java:524):524
	at lucee.runtime.ComponentImpl.call(ComponentImpl.java:1760):1760
	at lucee.runtime.listener.ModernAppListener.call(ModernAppListener.java:405):405
	at lucee.runtime.listener.ModernAppListener.onApplicationStart(ModernAppListener.java:283):283
	at lucee.runtime.PageContextImpl.initApplicationContext(PageContextImpl.java:2837):2837
	at lucee.runtime.listener.ModernAppListener._onRequest(ModernAppListener.java:118):118
	at lucee.runtime.listener.MixedAppListener.onRequest(MixedAppListener.java:35):35
	at lucee.runtime.PageContextImpl.execute(PageContextImpl.java:2257):2257
	at lucee.runtime.PageContextImpl.execute(PageContextImpl.java:2224):2224
	at lucee.runtime.engine.CFMLEngineImpl.serviceCFML(CFMLEngineImpl.java:456):456
	at lucee.loader.servlet.CFMLServlet.service(CFMLServlet.java:47):47
	at javax.servlet.http.HttpServlet.service(HttpServlet.java:729):729
	at org.apache.catalina.core.ApplicationFilterChain.internalDoFilter(ApplicationFilterChain.java:291):291
	at org.apache.catalina.core.ApplicationFilterChain.doFilter(ApplicationFilterChain.java:206):206
	at org.apache.tomcat.websocket.server.WsFilter.doFilter(WsFilter.java:52):52
	at org.apache.catalina.core.ApplicationFilterChain.internalDoFilter(ApplicationFilterChain.java:239):239
	at org.apache.catalina.core.ApplicationFilterChain.doFilter(ApplicationFilterChain.java:206):206
	at org.apache.catalina.core.StandardWrapperValve.invoke(StandardWrapperValve.java:219):219
	at org.apache.catalina.core.StandardContextValve.invoke(StandardContextValve.java:106):106
	at org.apache.catalina.authenticator.AuthenticatorBase.invoke(AuthenticatorBase.java:502):502
	at org.apache.catalina.core.StandardHostValve.invoke(StandardHostValve.java:142):142
	at org.apache.catalina.valves.ErrorReportValve.invoke(ErrorReportValve.java:79):79
	at org.apache.catalina.core.StandardEngineValve.invoke(StandardEngineValve.java:88):88
	at org.apache.catalina.connector.CoyoteAdapter.service(CoyoteAdapter.java:518):518
	at org.apache.coyote.ajp.AbstractAjpProcessor.process(AbstractAjpProcessor.java:844):844
	at org.apache.coyote.AbstractProtocol$AbstractConnectionHandler.process(AbstractProtocol.java:668):668
	at org.apache.tomcat.util.net.NioEndpoint$SocketProcessor.doRun(NioEndpoint.java:1527):1527
	at org.apache.tomcat.util.net.NioEndpoint$SocketProcessor.run(NioEndpoint.java:1484):1484
	at java.util.concurrent.ThreadPoolExecutor.runWorker(ThreadPoolExecutor.java:1142):1142
	at java.util.concurrent.ThreadPoolExecutor$Worker.run(ThreadPoolExecutor.java:617):617
	at org.apache.tomcat.util.threads.TaskThread$WrappingRunnable.run(TaskThread.java:61):61
	at java.lang.Thread.run(Thread.java:745):745
"
"ERROR","ajp-nio-8009-exec-3","10/20/2015","17:07:24","",";Cannot activate module: cbvalidation
The module has not been registered, register the module first and then activate it.;Cannot activate module: cbvalidation
	at coldbox.system.web.services.moduleservice_cfc$cf.udfCall2(C:\inetpub\wwwroot\OEP\coldbox\system\web\services\ModuleService.cfc:355):355
	at coldbox.system.web.services.moduleservice_cfc$cf.udfCall(C:\inetpub\wwwroot\OEP\coldbox\system\web\services\ModuleService.cfc):-1
	at lucee.runtime.type.UDFImpl.implementation(UDFImpl.java:111):111
	at lucee.runtime.type.UDFImpl._call(UDFImpl.java:328):328
	at lucee.runtime.type.UDFImpl.call(UDFImpl.java:229):229
	at lucee.runtime.type.scope.UndefinedImpl.call(UndefinedImpl.java:766):766
	at lucee.runtime.util.VariableUtilImpl.callFunctionWithoutNamedValues(VariableUtilImpl.java:742):742
	at lucee.runtime.PageContextImpl.getFunction(PageContextImpl.java:1589):1589
	at coldbox.system.web.services.moduleservice_cfc$cf.udfCall2(C:\inetpub\wwwroot\OEP\coldbox\system\web\services\ModuleService.cfc:386):386
	at coldbox.system.web.services.moduleservice_cfc$cf.udfCall(C:\inetpub\wwwroot\OEP\coldbox\system\web\services\ModuleService.cfc):-1
	at lucee.runtime.type.UDFImpl.implementation(UDFImpl.java:111):111
	at lucee.runtime.type.UDFImpl._call(UDFImpl.java:328):328
	at lucee.runtime.type.UDFImpl.call(UDFImpl.java:229):229
	at lucee.runtime.type.scope.UndefinedImpl.call(UndefinedImpl.java:766):766
	at lucee.runtime.util.VariableUtilImpl.callFunctionWithoutNamedValues(VariableUtilImpl.java:742):742
	at lucee.runtime.PageContextImpl.getFunction(PageContextImpl.java:1589):1589
	at coldbox.system.web.services.moduleservice_cfc$cf.udfCall2(C:\inetpub\wwwroot\OEP\coldbox\system\web\services\ModuleService.cfc:334):334
	at coldbox.system.web.services.moduleservice_cfc$cf.udfCall(C:\inetpub\wwwroot\OEP\coldbox\system\web\services\ModuleService.cfc):-1
	at lucee.runtime.type.UDFImpl.implementation(UDFImpl.java:111):111
	at lucee.runtime.type.UDFImpl._call(UDFImpl.java:328):328
	at lucee.runtime.type.UDFImpl.call(UDFImpl.java:229):229
	at lucee.runtime.ComponentImpl._call(ComponentImpl.java:606):606
	at lucee.runtime.ComponentImpl._call(ComponentImpl.java:524):524
	at lucee.runtime.ComponentImpl.call(ComponentImpl.java:1760):1760
	at lucee.runtime.util.VariableUtilImpl.callFunctionWithoutNamedValues(VariableUtilImpl.java:742):742
	at lucee.runtime.PageContextImpl.getFunction(PageContextImpl.java:1589):1589
	at coldbox.system.web.services.loaderservice_cfc$cf.udfCall(C:\inetpub\wwwroot\OEP\coldbox\system\web\services\LoaderService.cfc:58):58
	at lucee.runtime.type.UDFImpl.implementation(UDFImpl.java:111):111
	at lucee.runtime.type.UDFImpl._call(UDFImpl.java:328):328
	at lucee.runtime.type.UDFImpl.call(UDFImpl.java:229):229
	at lucee.runtime.ComponentImpl._call(ComponentImpl.java:606):606
	at lucee.runtime.ComponentImpl._call(ComponentImpl.java:524):524
	at lucee.runtime.ComponentImpl.call(ComponentImpl.java:1760):1760
	at lucee.runtime.util.VariableUtilImpl.callFunctionWithoutNamedValues(VariableUtilImpl.java:742):742
	at lucee.runtime.PageContextImpl.getFunction(PageContextImpl.java:1589):1589
	at coldbox.system.bootstrap_cfc$cf.udfCall1(C:\inetpub\wwwroot\OEP\coldbox\system\Bootstrap.cfc:71):71
	at coldbox.system.bootstrap_cfc$cf.udfCall(C:\inetpub\wwwroot\OEP\coldbox\system\Bootstrap.cfc):-1
	at lucee.runtime.type.UDFImpl.implementation(UDFImpl.java:111):111
	at lucee.runtime.type.UDFImpl._call(UDFImpl.java:328):328
	at lucee.runtime.type.UDFImpl.call(UDFImpl.java:229):229
	at lucee.runtime.ComponentImpl._call(ComponentImpl.java:606):606
	at lucee.runtime.ComponentImpl._call(ComponentImpl.java:524):524
	at lucee.runtime.ComponentImpl.call(ComponentImpl.java:1760):1760
	at lucee.runtime.util.VariableUtilImpl.callFunctionWithoutNamedValues(VariableUtilImpl.java:742):742
	at lucee.runtime.PageContextImpl.getFunction(PageContextImpl.java:1589):1589
	at application_cfc$cf.udfCall(C:\inetpub\wwwroot\OEP\Application.cfc:60):60
	at lucee.runtime.type.UDFImpl.implementation(UDFImpl.java:111):111
	at lucee.runtime.type.UDFImpl._call(UDFImpl.java:328):328
	at lucee.runtime.type.UDFImpl.call(UDFImpl.java:229):229
	at lucee.runtime.ComponentImpl._call(ComponentImpl.java:606):606
	at lucee.runtime.ComponentImpl._call(ComponentImpl.java:524):524
	at lucee.runtime.ComponentImpl.call(ComponentImpl.java:1760):1760
	at lucee.runtime.listener.ModernAppListener.call(ModernAppListener.java:405):405
	at lucee.runtime.listener.ModernAppListener.onApplicationStart(ModernAppListener.java:283):283
	at lucee.runtime.PageContextImpl.initApplicationContext(PageContextImpl.java:2837):2837
	at lucee.runtime.listener.ModernAppListener._onRequest(ModernAppListener.java:118):118
	at lucee.runtime.listener.MixedAppListener.onRequest(MixedAppListener.java:35):35
	at lucee.runtime.PageContextImpl.execute(PageContextImpl.java:2257):2257
	at lucee.runtime.PageContextImpl.execute(PageContextImpl.java:2224):2224
	at lucee.runtime.engine.CFMLEngineImpl.serviceCFML(CFMLEngineImpl.java:456):456
	at lucee.loader.servlet.CFMLServlet.service(CFMLServlet.java:47):47
	at javax.servlet.http.HttpServlet.service(HttpServlet.java:729):729
	at org.apache.catalina.core.ApplicationFilterChain.internalDoFilter(ApplicationFilterChain.java:291):291
	at org.apache.catalina.core.ApplicationFilterChain.doFilter(ApplicationFilterChain.java:206):206
	at org.apache.tomcat.websocket.server.WsFilter.doFilter(WsFilter.java:52):52
	at org.apache.catalina.core.ApplicationFilterChain.internalDoFilter(ApplicationFilterChain.java:239):239
	at org.apache.catalina.core.ApplicationFilterChain.doFilter(ApplicationFilterChain.java:206):206
	at org.apache.catalina.core.StandardWrapperValve.invoke(StandardWrapperValve.java:219):219
	at org.apache.catalina.core.StandardContextValve.invoke(StandardContextValve.java:106):106
	at org.apache.catalina.authenticator.AuthenticatorBase.invoke(AuthenticatorBase.java:502):502
	at org.apache.catalina.core.StandardHostValve.invoke(StandardHostValve.java:142):142
	at org.apache.catalina.valves.ErrorReportValve.invoke(ErrorReportValve.java:79):79
	at org.apache.catalina.core.StandardEngineValve.invoke(StandardEngineValve.java:88):88
	at org.apache.catalina.connector.CoyoteAdapter.service(CoyoteAdapter.java:518):518
	at org.apache.coyote.ajp.AbstractAjpProcessor.process(AbstractAjpProcessor.java:844):844
	at org.apache.coyote.AbstractProtocol$AbstractConnectionHandler.process(AbstractProtocol.java:668):668
	at org.apache.tomcat.util.net.NioEndpoint$SocketProcessor.doRun(NioEndpoint.java:1527):1527
	at org.apache.tomcat.util.net.NioEndpoint$SocketProcessor.run(NioEndpoint.java:1484):1484
	at java.util.concurrent.ThreadPoolExecutor.runWorker(ThreadPoolExecutor.java:1142):1142
	at java.util.concurrent.ThreadPoolExecutor$Worker.run(ThreadPoolExecutor.java:617):617
	at org.apache.tomcat.util.threads.TaskThread$WrappingRunnable.run(TaskThread.java:61):61
	at java.lang.Thread.run(Thread.java:745):745
"
"ERROR","ajp-nio-8009-exec-4","10/20/2015","17:08:26","",";variable [CONTROLLER] doesn't exist;variable [CONTROLLER] doesn't exist
	at lucee.runtime.type.scope.UndefinedImpl.getCollection(UndefinedImpl.java:404):404
	at application_cfc$cf.udfCall(C:\inetpub\wwwroot\OEP\Application.cfc:60):60
	at lucee.runtime.type.UDFImpl.implementation(UDFImpl.java:111):111
	at lucee.runtime.type.UDFImpl._call(UDFImpl.java:328):328
	at lucee.runtime.type.UDFImpl.call(UDFImpl.java:229):229
	at lucee.runtime.ComponentImpl._call(ComponentImpl.java:606):606
	at lucee.runtime.ComponentImpl._call(ComponentImpl.java:524):524
	at lucee.runtime.ComponentImpl.call(ComponentImpl.java:1760):1760
	at lucee.runtime.listener.ModernAppListener.call(ModernAppListener.java:405):405
	at lucee.runtime.listener.ModernAppListener.onApplicationStart(ModernAppListener.java:283):283
	at lucee.runtime.PageContextImpl.initApplicationContext(PageContextImpl.java:2837):2837
	at lucee.runtime.listener.ModernAppListener._onRequest(ModernAppListener.java:118):118
	at lucee.runtime.listener.MixedAppListener.onRequest(MixedAppListener.java:35):35
	at lucee.runtime.PageContextImpl.execute(PageContextImpl.java:2257):2257
	at lucee.runtime.PageContextImpl.execute(PageContextImpl.java:2224):2224
	at lucee.runtime.engine.CFMLEngineImpl.serviceCFML(CFMLEngineImpl.java:456):456
	at lucee.loader.servlet.CFMLServlet.service(CFMLServlet.java:47):47
	at javax.servlet.http.HttpServlet.service(HttpServlet.java:729):729
	at org.apache.catalina.core.ApplicationFilterChain.internalDoFilter(ApplicationFilterChain.java:291):291
	at org.apache.catalina.core.ApplicationFilterChain.doFilter(ApplicationFilterChain.java:206):206
	at org.apache.tomcat.websocket.server.WsFilter.doFilter(WsFilter.java:52):52
	at org.apache.catalina.core.ApplicationFilterChain.internalDoFilter(ApplicationFilterChain.java:239):239
	at org.apache.catalina.core.ApplicationFilterChain.doFilter(ApplicationFilterChain.java:206):206
	at org.apache.catalina.core.StandardWrapperValve.invoke(StandardWrapperValve.java:219):219
	at org.apache.catalina.core.StandardContextValve.invoke(StandardContextValve.java:106):106
	at org.apache.catalina.authenticator.AuthenticatorBase.invoke(AuthenticatorBase.java:502):502
	at org.apache.catalina.core.StandardHostValve.invoke(StandardHostValve.java:142):142
	at org.apache.catalina.valves.ErrorReportValve.invoke(ErrorReportValve.java:79):79
	at org.apache.catalina.core.StandardEngineValve.invoke(StandardEngineValve.java:88):88
	at org.apache.catalina.connector.CoyoteAdapter.service(CoyoteAdapter.java:518):518
	at org.apache.coyote.ajp.AbstractAjpProcessor.process(AbstractAjpProcessor.java:844):844
	at org.apache.coyote.AbstractProtocol$AbstractConnectionHandler.process(AbstractProtocol.java:668):668
	at org.apache.tomcat.util.net.NioEndpoint$SocketProcessor.doRun(NioEndpoint.java:1527):1527
	at org.apache.tomcat.util.net.NioEndpoint$SocketProcessor.run(NioEndpoint.java:1484):1484
	at java.util.concurrent.ThreadPoolExecutor.runWorker(ThreadPoolExecutor.java:1142):1142
	at java.util.concurrent.ThreadPoolExecutor$Worker.run(ThreadPoolExecutor.java:617):617
	at org.apache.tomcat.util.threads.TaskThread$WrappingRunnable.run(TaskThread.java:61):61
	at java.lang.Thread.run(Thread.java:745):745
"
"ERROR","ajp-nio-8009-exec-6","10/20/2015","17:19:40","",";variable [CONTROLLER] doesn't exist;variable [CONTROLLER] doesn't exist
	at lucee.runtime.type.scope.UndefinedImpl.getCollection(UndefinedImpl.java:404):404
	at application_cfc$cf.udfCall(C:\inetpub\wwwroot\OEP\Application.cfc:60):60
	at lucee.runtime.type.UDFImpl.implementation(UDFImpl.java:111):111
	at lucee.runtime.type.UDFImpl._call(UDFImpl.java:328):328
	at lucee.runtime.type.UDFImpl.call(UDFImpl.java:229):229
	at lucee.runtime.ComponentImpl._call(ComponentImpl.java:606):606
	at lucee.runtime.ComponentImpl._call(ComponentImpl.java:524):524
	at lucee.runtime.ComponentImpl.call(ComponentImpl.java:1760):1760
	at lucee.runtime.listener.ModernAppListener.call(ModernAppListener.java:405):405
	at lucee.runtime.listener.ModernAppListener.onApplicationStart(ModernAppListener.java:283):283
	at lucee.runtime.PageContextImpl.initApplicationContext(PageContextImpl.java:2837):2837
	at lucee.runtime.listener.ModernAppListener._onRequest(ModernAppListener.java:118):118
	at lucee.runtime.listener.MixedAppListener.onRequest(MixedAppListener.java:35):35
	at lucee.runtime.PageContextImpl.execute(PageContextImpl.java:2257):2257
	at lucee.runtime.PageContextImpl.execute(PageContextImpl.java:2224):2224
	at lucee.runtime.engine.CFMLEngineImpl.serviceCFML(CFMLEngineImpl.java:456):456
	at lucee.loader.servlet.CFMLServlet.service(CFMLServlet.java:47):47
	at javax.servlet.http.HttpServlet.service(HttpServlet.java:729):729
	at org.apache.catalina.core.ApplicationFilterChain.internalDoFilter(ApplicationFilterChain.java:291):291
	at org.apache.catalina.core.ApplicationFilterChain.doFilter(ApplicationFilterChain.java:206):206
	at org.apache.tomcat.websocket.server.WsFilter.doFilter(WsFilter.java:52):52
	at org.apache.catalina.core.ApplicationFilterChain.internalDoFilter(ApplicationFilterChain.java:239):239
	at org.apache.catalina.core.ApplicationFilterChain.doFilter(ApplicationFilterChain.java:206):206
	at org.apache.catalina.core.StandardWrapperValve.invoke(StandardWrapperValve.java:219):219
	at org.apache.catalina.core.StandardContextValve.invoke(StandardContextValve.java:106):106
	at org.apache.catalina.authenticator.AuthenticatorBase.invoke(AuthenticatorBase.java:502):502
	at org.apache.catalina.core.StandardHostValve.invoke(StandardHostValve.java:142):142
	at org.apache.catalina.valves.ErrorReportValve.invoke(ErrorReportValve.java:79):79
	at org.apache.catalina.core.StandardEngineValve.invoke(StandardEngineValve.java:88):88
	at org.apache.catalina.connector.CoyoteAdapter.service(CoyoteAdapter.java:518):518
	at org.apache.coyote.ajp.AbstractAjpProcessor.process(AbstractAjpProcessor.java:844):844
	at org.apache.coyote.AbstractProtocol$AbstractConnectionHandler.process(AbstractProtocol.java:668):668
	at org.apache.tomcat.util.net.NioEndpoint$SocketProcessor.doRun(NioEndpoint.java:1527):1527
	at org.apache.tomcat.util.net.NioEndpoint$SocketProcessor.run(NioEndpoint.java:1484):1484
	at java.util.concurrent.ThreadPoolExecutor.runWorker(ThreadPoolExecutor.java:1142):1142
	at java.util.concurrent.ThreadPoolExecutor$Worker.run(ThreadPoolExecutor.java:617):617
	at org.apache.tomcat.util.threads.TaskThread$WrappingRunnable.run(TaskThread.java:61):61
	at java.lang.Thread.run(Thread.java:745):745
"
"ERROR","ajp-nio-8009-exec-8","10/20/2015","17:19:42","",";variable [CONTROLLER] doesn't exist;variable [CONTROLLER] doesn't exist
	at lucee.runtime.type.scope.UndefinedImpl.getCollection(UndefinedImpl.java:404):404
	at application_cfc$cf.udfCall(C:\inetpub\wwwroot\OEP\Application.cfc:60):60
	at lucee.runtime.type.UDFImpl.implementation(UDFImpl.java:111):111
	at lucee.runtime.type.UDFImpl._call(UDFImpl.java:328):328
	at lucee.runtime.type.UDFImpl.call(UDFImpl.java:229):229
	at lucee.runtime.ComponentImpl._call(ComponentImpl.java:606):606
	at lucee.runtime.ComponentImpl._call(ComponentImpl.java:524):524
	at lucee.runtime.ComponentImpl.call(ComponentImpl.java:1760):1760
	at lucee.runtime.listener.ModernAppListener.call(ModernAppListener.java:405):405
	at lucee.runtime.listener.ModernAppListener.onApplicationStart(ModernAppListener.java:283):283
	at lucee.runtime.PageContextImpl.initApplicationContext(PageContextImpl.java:2837):2837
	at lucee.runtime.listener.ModernAppListener._onRequest(ModernAppListener.java:118):118
	at lucee.runtime.listener.MixedAppListener.onRequest(MixedAppListener.java:35):35
	at lucee.runtime.PageContextImpl.execute(PageContextImpl.java:2257):2257
	at lucee.runtime.PageContextImpl.execute(PageContextImpl.java:2224):2224
	at lucee.runtime.engine.CFMLEngineImpl.serviceCFML(CFMLEngineImpl.java:456):456
	at lucee.loader.servlet.CFMLServlet.service(CFMLServlet.java:47):47
	at javax.servlet.http.HttpServlet.service(HttpServlet.java:729):729
	at org.apache.catalina.core.ApplicationFilterChain.internalDoFilter(ApplicationFilterChain.java:291):291
	at org.apache.catalina.core.ApplicationFilterChain.doFilter(ApplicationFilterChain.java:206):206
	at org.apache.tomcat.websocket.server.WsFilter.doFilter(WsFilter.java:52):52
	at org.apache.catalina.core.ApplicationFilterChain.internalDoFilter(ApplicationFilterChain.java:239):239
	at org.apache.catalina.core.ApplicationFilterChain.doFilter(ApplicationFilterChain.java:206):206
	at org.apache.catalina.core.StandardWrapperValve.invoke(StandardWrapperValve.java:219):219
	at org.apache.catalina.core.StandardContextValve.invoke(StandardContextValve.java:106):106
	at org.apache.catalina.authenticator.AuthenticatorBase.invoke(AuthenticatorBase.java:502):502
	at org.apache.catalina.core.StandardHostValve.invoke(StandardHostValve.java:142):142
	at org.apache.catalina.valves.ErrorReportValve.invoke(ErrorReportValve.java:79):79
	at org.apache.catalina.core.StandardEngineValve.invoke(StandardEngineValve.java:88):88
	at org.apache.catalina.connector.CoyoteAdapter.service(CoyoteAdapter.java:518):518
	at org.apache.coyote.ajp.AbstractAjpProcessor.process(AbstractAjpProcessor.java:844):844
	at org.apache.coyote.AbstractProtocol$AbstractConnectionHandler.process(AbstractProtocol.java:668):668
	at org.apache.tomcat.util.net.NioEndpoint$SocketProcessor.doRun(NioEndpoint.java:1527):1527
	at org.apache.tomcat.util.net.NioEndpoint$SocketProcessor.run(NioEndpoint.java:1484):1484
	at java.util.concurrent.ThreadPoolExecutor.runWorker(ThreadPoolExecutor.java:1142):1142
	at java.util.concurrent.ThreadPoolExecutor$Worker.run(ThreadPoolExecutor.java:617):617
	at org.apache.tomcat.util.threads.TaskThread$WrappingRunnable.run(TaskThread.java:61):61
	at java.lang.Thread.run(Thread.java:745):745
"
"ERROR","ajp-nio-8009-exec-3","10/20/2015","17:20:26","",";variable [CONTROLLER] doesn't exist;variable [CONTROLLER] doesn't exist
	at lucee.runtime.type.scope.UndefinedImpl.getCollection(UndefinedImpl.java:404):404
	at application_cfc$cf.udfCall(C:\inetpub\wwwroot\OEP\Application.cfc:60):60
	at lucee.runtime.type.UDFImpl.implementation(UDFImpl.java:111):111
	at lucee.runtime.type.UDFImpl._call(UDFImpl.java:328):328
	at lucee.runtime.type.UDFImpl.call(UDFImpl.java:229):229
	at lucee.runtime.ComponentImpl._call(ComponentImpl.java:606):606
	at lucee.runtime.ComponentImpl._call(ComponentImpl.java:524):524
	at lucee.runtime.ComponentImpl.call(ComponentImpl.java:1760):1760
	at lucee.runtime.listener.ModernAppListener.call(ModernAppListener.java:405):405
	at lucee.runtime.listener.ModernAppListener.onApplicationStart(ModernAppListener.java:283):283
	at lucee.runtime.PageContextImpl.initApplicationContext(PageContextImpl.java:2837):2837
	at lucee.runtime.listener.ModernAppListener._onRequest(ModernAppListener.java:118):118
	at lucee.runtime.listener.MixedAppListener.onRequest(MixedAppListener.java:35):35
	at lucee.runtime.PageContextImpl.execute(PageContextImpl.java:2257):2257
	at lucee.runtime.PageContextImpl.execute(PageContextImpl.java:2224):2224
	at lucee.runtime.engine.CFMLEngineImpl.serviceCFML(CFMLEngineImpl.java:456):456
	at lucee.loader.servlet.CFMLServlet.service(CFMLServlet.java:47):47
	at javax.servlet.http.HttpServlet.service(HttpServlet.java:729):729
	at org.apache.catalina.core.ApplicationFilterChain.internalDoFilter(ApplicationFilterChain.java:291):291
	at org.apache.catalina.core.ApplicationFilterChain.doFilter(ApplicationFilterChain.java:206):206
	at org.apache.tomcat.websocket.server.WsFilter.doFilter(WsFilter.java:52):52
	at org.apache.catalina.core.ApplicationFilterChain.internalDoFilter(ApplicationFilterChain.java:239):239
	at org.apache.catalina.core.ApplicationFilterChain.doFilter(ApplicationFilterChain.java:206):206
	at org.apache.catalina.core.StandardWrapperValve.invoke(StandardWrapperValve.java:219):219
	at org.apache.catalina.core.StandardContextValve.invoke(StandardContextValve.java:106):106
	at org.apache.catalina.authenticator.AuthenticatorBase.invoke(AuthenticatorBase.java:502):502
	at org.apache.catalina.core.StandardHostValve.invoke(StandardHostValve.java:142):142
	at org.apache.catalina.valves.ErrorReportValve.invoke(ErrorReportValve.java:79):79
	at org.apache.catalina.core.StandardEngineValve.invoke(StandardEngineValve.java:88):88
	at org.apache.catalina.connector.CoyoteAdapter.service(CoyoteAdapter.java:518):518
	at org.apache.coyote.ajp.AbstractAjpProcessor.process(AbstractAjpProcessor.java:844):844
	at org.apache.coyote.AbstractProtocol$AbstractConnectionHandler.process(AbstractProtocol.java:668):668
	at org.apache.tomcat.util.net.NioEndpoint$SocketProcessor.doRun(NioEndpoint.java:1527):1527
	at org.apache.tomcat.util.net.NioEndpoint$SocketProcessor.run(NioEndpoint.java:1484):1484
	at java.util.concurrent.ThreadPoolExecutor.runWorker(ThreadPoolExecutor.java:1142):1142
	at java.util.concurrent.ThreadPoolExecutor$Worker.run(ThreadPoolExecutor.java:617):617
	at org.apache.tomcat.util.threads.TaskThread$WrappingRunnable.run(TaskThread.java:61):61
	at java.lang.Thread.run(Thread.java:745):745
"
"ERROR","ajp-nio-8009-exec-4","10/20/2015","17:20:39","",";Cannot activate module: cbvalidation
The module has not been registered, register the module first and then activate it.;Cannot activate module: cbvalidation
	at coldbox.system.web.services.moduleservice_cfc$cf.udfCall2(C:\inetpub\wwwroot\OEP\coldbox\system\web\services\ModuleService.cfc:355):355
	at coldbox.system.web.services.moduleservice_cfc$cf.udfCall(C:\inetpub\wwwroot\OEP\coldbox\system\web\services\ModuleService.cfc):-1
	at lucee.runtime.type.UDFImpl.implementation(UDFImpl.java:111):111
	at lucee.runtime.type.UDFImpl._call(UDFImpl.java:328):328
	at lucee.runtime.type.UDFImpl.call(UDFImpl.java:229):229
	at lucee.runtime.type.scope.UndefinedImpl.call(UndefinedImpl.java:766):766
	at lucee.runtime.util.VariableUtilImpl.callFunctionWithoutNamedValues(VariableUtilImpl.java:742):742
	at lucee.runtime.PageContextImpl.getFunction(PageContextImpl.java:1589):1589
	at coldbox.system.web.services.moduleservice_cfc$cf.udfCall2(C:\inetpub\wwwroot\OEP\coldbox\system\web\services\ModuleService.cfc:386):386
	at coldbox.system.web.services.moduleservice_cfc$cf.udfCall(C:\inetpub\wwwroot\OEP\coldbox\system\web\services\ModuleService.cfc):-1
	at lucee.runtime.type.UDFImpl.implementation(UDFImpl.java:111):111
	at lucee.runtime.type.UDFImpl._call(UDFImpl.java:328):328
	at lucee.runtime.type.UDFImpl.call(UDFImpl.java:229):229
	at lucee.runtime.type.scope.UndefinedImpl.call(UndefinedImpl.java:766):766
	at lucee.runtime.util.VariableUtilImpl.callFunctionWithoutNamedValues(VariableUtilImpl.java:742):742
	at lucee.runtime.PageContextImpl.getFunction(PageContextImpl.java:1589):1589
	at coldbox.system.web.services.moduleservice_cfc$cf.udfCall2(C:\inetpub\wwwroot\OEP\coldbox\system\web\services\ModuleService.cfc:334):334
	at coldbox.system.web.services.moduleservice_cfc$cf.udfCall(C:\inetpub\wwwroot\OEP\coldbox\system\web\services\ModuleService.cfc):-1
	at lucee.runtime.type.UDFImpl.implementation(UDFImpl.java:111):111
	at lucee.runtime.type.UDFImpl._call(UDFImpl.java:328):328
	at lucee.runtime.type.UDFImpl.call(UDFImpl.java:229):229
	at lucee.runtime.ComponentImpl._call(ComponentImpl.java:606):606
	at lucee.runtime.ComponentImpl._call(ComponentImpl.java:524):524
	at lucee.runtime.ComponentImpl.call(ComponentImpl.java:1760):1760
	at lucee.runtime.util.VariableUtilImpl.callFunctionWithoutNamedValues(VariableUtilImpl.java:742):742
	at lucee.runtime.PageContextImpl.getFunction(PageContextImpl.java:1589):1589
	at coldbox.system.web.services.loaderservice_cfc$cf.udfCall(C:\inetpub\wwwroot\OEP\coldbox\system\web\services\LoaderService.cfc:58):58
	at lucee.runtime.type.UDFImpl.implementation(UDFImpl.java:111):111
	at lucee.runtime.type.UDFImpl._call(UDFImpl.java:328):328
	at lucee.runtime.type.UDFImpl.call(UDFImpl.java:229):229
	at lucee.runtime.ComponentImpl._call(ComponentImpl.java:606):606
	at lucee.runtime.ComponentImpl._call(ComponentImpl.java:524):524
	at lucee.runtime.ComponentImpl.call(ComponentImpl.java:1760):1760
	at lucee.runtime.util.VariableUtilImpl.callFunctionWithoutNamedValues(VariableUtilImpl.java:742):742
	at lucee.runtime.PageContextImpl.getFunction(PageContextImpl.java:1589):1589
	at coldbox.system.bootstrap_cfc$cf.udfCall1(C:\inetpub\wwwroot\OEP\coldbox\system\Bootstrap.cfc:71):71
	at coldbox.system.bootstrap_cfc$cf.udfCall(C:\inetpub\wwwroot\OEP\coldbox\system\Bootstrap.cfc):-1
	at lucee.runtime.type.UDFImpl.implementation(UDFImpl.java:111):111
	at lucee.runtime.type.UDFImpl._call(UDFImpl.java:328):328
	at lucee.runtime.type.UDFImpl.call(UDFImpl.java:229):229
	at lucee.runtime.ComponentImpl._call(ComponentImpl.java:606):606
	at lucee.runtime.ComponentImpl._call(ComponentImpl.java:524):524
	at lucee.runtime.ComponentImpl.call(ComponentImpl.java:1760):1760
	at lucee.runtime.util.VariableUtilImpl.callFunctionWithoutNamedValues(VariableUtilImpl.java:742):742
	at lucee.runtime.PageContextImpl.getFunction(PageContextImpl.java:1589):1589
	at application_cfc$cf.udfCall(C:\inetpub\wwwroot\OEP\Application.cfc:61):61
	at lucee.runtime.type.UDFImpl.implementation(UDFImpl.java:111):111
	at lucee.runtime.type.UDFImpl._call(UDFImpl.java:328):328
	at lucee.runtime.type.UDFImpl.call(UDFImpl.java:229):229
	at lucee.runtime.ComponentImpl._call(ComponentImpl.java:606):606
	at lucee.runtime.ComponentImpl._call(ComponentImpl.java:524):524
	at lucee.runtime.ComponentImpl.call(ComponentImpl.java:1760):1760
	at lucee.runtime.listener.ModernAppListener.call(ModernAppListener.java:405):405
	at lucee.runtime.listener.ModernAppListener.onApplicationStart(ModernAppListener.java:283):283
	at lucee.runtime.PageContextImpl.initApplicationContext(PageContextImpl.java:2837):2837
	at lucee.runtime.listener.ModernAppListener._onRequest(ModernAppListener.java:118):118
	at lucee.runtime.listener.MixedAppListener.onRequest(MixedAppListener.java:35):35
	at lucee.runtime.PageContextImpl.execute(PageContextImpl.java:2257):2257
	at lucee.runtime.PageContextImpl.execute(PageContextImpl.java:2224):2224
	at lucee.runtime.engine.CFMLEngineImpl.serviceCFML(CFMLEngineImpl.java:456):456
	at lucee.loader.servlet.CFMLServlet.service(CFMLServlet.java:47):47
	at javax.servlet.http.HttpServlet.service(HttpServlet.java:729):729
	at org.apache.catalina.core.ApplicationFilterChain.internalDoFilter(ApplicationFilterChain.java:291):291
	at org.apache.catalina.core.ApplicationFilterChain.doFilter(ApplicationFilterChain.java:206):206
	at org.apache.tomcat.websocket.server.WsFilter.doFilter(WsFilter.java:52):52
	at org.apache.catalina.core.ApplicationFilterChain.internalDoFilter(ApplicationFilterChain.java:239):239
	at org.apache.catalina.core.ApplicationFilterChain.doFilter(ApplicationFilterChain.java:206):206
	at org.apache.catalina.core.StandardWrapperValve.invoke(StandardWrapperValve.java:219):219
	at org.apache.catalina.core.StandardContextValve.invoke(StandardContextValve.java:106):106
	at org.apache.catalina.authenticator.AuthenticatorBase.invoke(AuthenticatorBase.java:502):502
	at org.apache.catalina.core.StandardHostValve.invoke(StandardHostValve.java:142):142
	at org.apache.catalina.valves.ErrorReportValve.invoke(ErrorReportValve.java:79):79
	at org.apache.catalina.core.StandardEngineValve.invoke(StandardEngineValve.java:88):88
	at org.apache.catalina.connector.CoyoteAdapter.service(CoyoteAdapter.java:518):518
	at org.apache.coyote.ajp.AbstractAjpProcessor.process(AbstractAjpProcessor.java:844):844
	at org.apache.coyote.AbstractProtocol$AbstractConnectionHandler.process(AbstractProtocol.java:668):668
	at org.apache.tomcat.util.net.NioEndpoint$SocketProcessor.doRun(NioEndpoint.java:1527):1527
	at org.apache.tomcat.util.net.NioEndpoint$SocketProcessor.run(NioEndpoint.java:1484):1484
	at java.util.concurrent.ThreadPoolExecutor.runWorker(ThreadPoolExecutor.java:1142):1142
	at java.util.concurrent.ThreadPoolExecutor$Worker.run(ThreadPoolExecutor.java:617):617
	at org.apache.tomcat.util.threads.TaskThread$WrappingRunnable.run(TaskThread.java:61):61
	at java.lang.Thread.run(Thread.java:745):745
"
"ERROR","ajp-nio-8009-exec-6","10/20/2015","17:22:58","",";Cannot activate module: cbi18n
The module has not been registered, register the module first and then activate it.;Cannot activate module: cbi18n
	at coldbox.system.web.services.moduleservice_cfc$cf.udfCall2(C:\inetpub\wwwroot\OEP\coldbox\system\web\services\ModuleService.cfc:355):355
	at coldbox.system.web.services.moduleservice_cfc$cf.udfCall(C:\inetpub\wwwroot\OEP\coldbox\system\web\services\ModuleService.cfc):-1
	at lucee.runtime.type.UDFImpl.implementation(UDFImpl.java:111):111
	at lucee.runtime.type.UDFImpl._call(UDFImpl.java:328):328
	at lucee.runtime.type.UDFImpl.call(UDFImpl.java:229):229
	at lucee.runtime.type.scope.UndefinedImpl.call(UndefinedImpl.java:766):766
	at lucee.runtime.util.VariableUtilImpl.callFunctionWithoutNamedValues(VariableUtilImpl.java:742):742
	at lucee.runtime.PageContextImpl.getFunction(PageContextImpl.java:1589):1589
	at coldbox.system.web.services.moduleservice_cfc$cf.udfCall2(C:\inetpub\wwwroot\OEP\coldbox\system\web\services\ModuleService.cfc:386):386
	at coldbox.system.web.services.moduleservice_cfc$cf.udfCall(C:\inetpub\wwwroot\OEP\coldbox\system\web\services\ModuleService.cfc):-1
	at lucee.runtime.type.UDFImpl.implementation(UDFImpl.java:111):111
	at lucee.runtime.type.UDFImpl._call(UDFImpl.java:328):328
	at lucee.runtime.type.UDFImpl.call(UDFImpl.java:229):229
	at lucee.runtime.type.scope.UndefinedImpl.call(UndefinedImpl.java:766):766
	at lucee.runtime.util.VariableUtilImpl.callFunctionWithoutNamedValues(VariableUtilImpl.java:742):742
	at lucee.runtime.PageContextImpl.getFunction(PageContextImpl.java:1589):1589
	at coldbox.system.web.services.moduleservice_cfc$cf.udfCall2(C:\inetpub\wwwroot\OEP\coldbox\system\web\services\ModuleService.cfc:386):386
	at coldbox.system.web.services.moduleservice_cfc$cf.udfCall(C:\inetpub\wwwroot\OEP\coldbox\system\web\services\ModuleService.cfc):-1
	at lucee.runtime.type.UDFImpl.implementation(UDFImpl.java:111):111
	at lucee.runtime.type.UDFImpl._call(UDFImpl.java:328):328
	at lucee.runtime.type.UDFImpl.call(UDFImpl.java:229):229
	at lucee.runtime.type.scope.UndefinedImpl.call(UndefinedImpl.java:766):766
	at lucee.runtime.util.VariableUtilImpl.callFunctionWithoutNamedValues(VariableUtilImpl.java:742):742
	at lucee.runtime.PageContextImpl.getFunction(PageContextImpl.java:1589):1589
	at coldbox.system.web.services.moduleservice_cfc$cf.udfCall2(C:\inetpub\wwwroot\OEP\coldbox\system\web\services\ModuleService.cfc:334):334
	at coldbox.system.web.services.moduleservice_cfc$cf.udfCall(C:\inetpub\wwwroot\OEP\coldbox\system\web\services\ModuleService.cfc):-1
	at lucee.runtime.type.UDFImpl.implementation(UDFImpl.java:111):111
	at lucee.runtime.type.UDFImpl._call(UDFImpl.java:328):328
	at lucee.runtime.type.UDFImpl.call(UDFImpl.java:229):229
	at lucee.runtime.ComponentImpl._call(ComponentImpl.java:606):606
	at lucee.runtime.ComponentImpl._call(ComponentImpl.java:524):524
	at lucee.runtime.ComponentImpl.call(ComponentImpl.java:1760):1760
	at lucee.runtime.util.VariableUtilImpl.callFunctionWithoutNamedValues(VariableUtilImpl.java:742):742
	at lucee.runtime.PageContextImpl.getFunction(PageContextImpl.java:1589):1589
	at coldbox.system.web.services.loaderservice_cfc$cf.udfCall(C:\inetpub\wwwroot\OEP\coldbox\system\web\services\LoaderService.cfc:58):58
	at lucee.runtime.type.UDFImpl.implementation(UDFImpl.java:111):111
	at lucee.runtime.type.UDFImpl._call(UDFImpl.java:328):328
	at lucee.runtime.type.UDFImpl.call(UDFImpl.java:229):229
	at lucee.runtime.ComponentImpl._call(ComponentImpl.java:606):606
	at lucee.runtime.ComponentImpl._call(ComponentImpl.java:524):524
	at lucee.runtime.ComponentImpl.call(ComponentImpl.java:1760):1760
	at lucee.runtime.util.VariableUtilImpl.callFunctionWithoutNamedValues(VariableUtilImpl.java:742):742
	at lucee.runtime.PageContextImpl.getFunction(PageContextImpl.java:1589):1589
	at coldbox.system.bootstrap_cfc$cf.udfCall1(C:\inetpub\wwwroot\OEP\coldbox\system\Bootstrap.cfc:71):71
	at coldbox.system.bootstrap_cfc$cf.udfCall(C:\inetpub\wwwroot\OEP\coldbox\system\Bootstrap.cfc):-1
	at lucee.runtime.type.UDFImpl.implementation(UDFImpl.java:111):111
	at lucee.runtime.type.UDFImpl._call(UDFImpl.java:328):328
	at lucee.runtime.type.UDFImpl.call(UDFImpl.java:229):229
	at lucee.runtime.ComponentImpl._call(ComponentImpl.java:606):606
	at lucee.runtime.ComponentImpl._call(ComponentImpl.java:524):524
	at lucee.runtime.ComponentImpl.call(ComponentImpl.java:1760):1760
	at lucee.runtime.util.VariableUtilImpl.callFunctionWithoutNamedValues(VariableUtilImpl.java:742):742
	at lucee.runtime.PageContextImpl.getFunction(PageContextImpl.java:1589):1589
	at application_cfc$cf.udfCall(C:\inetpub\wwwroot\OEP\Application.cfc:60):60
	at lucee.runtime.type.UDFImpl.implementation(UDFImpl.java:111):111
	at lucee.runtime.type.UDFImpl._call(UDFImpl.java:328):328
	at lucee.runtime.type.UDFImpl.call(UDFImpl.java:229):229
	at lucee.runtime.ComponentImpl._call(ComponentImpl.java:606):606
	at lucee.runtime.ComponentImpl._call(ComponentImpl.java:524):524
	at lucee.runtime.ComponentImpl.call(ComponentImpl.java:1760):1760
	at lucee.runtime.listener.ModernAppListener.call(ModernAppListener.java:405):405
	at lucee.runtime.listener.ModernAppListener.onApplicationStart(ModernAppListener.java:283):283
	at lucee.runtime.PageContextImpl.initApplicationContext(PageContextImpl.java:2837):2837
	at lucee.runtime.listener.ModernAppListener._onRequest(ModernAppListener.java:118):118
	at lucee.runtime.listener.MixedAppListener.onRequest(MixedAppListener.java:35):35
	at lucee.runtime.PageContextImpl.execute(PageContextImpl.java:2257):2257
	at lucee.runtime.PageContextImpl.execute(PageContextImpl.java:2224):2224
	at lucee.runtime.engine.CFMLEngineImpl.serviceCFML(CFMLEngineImpl.java:456):456
	at lucee.loader.servlet.CFMLServlet.service(CFMLServlet.java:47):47
	at javax.servlet.http.HttpServlet.service(HttpServlet.java:729):729
	at org.apache.catalina.core.ApplicationFilterChain.internalDoFilter(ApplicationFilterChain.java:291):291
	at org.apache.catalina.core.ApplicationFilterChain.doFilter(ApplicationFilterChain.java:206):206
	at org.apache.tomcat.websocket.server.WsFilter.doFilter(WsFilter.java:52):52
	at org.apache.catalina.core.ApplicationFilterChain.internalDoFilter(ApplicationFilterChain.java:239):239
	at org.apache.catalina.core.ApplicationFilterChain.doFilter(ApplicationFilterChain.java:206):206
	at org.apache.catalina.core.StandardWrapperValve.invoke(StandardWrapperValve.java:219):219
	at org.apache.catalina.core.StandardContextValve.invoke(StandardContextValve.java:106):106
	at org.apache.catalina.authenticator.AuthenticatorBase.invoke(AuthenticatorBase.java:502):502
	at org.apache.catalina.core.StandardHostValve.invoke(StandardHostValve.java:142):142
	at org.apache.catalina.valves.ErrorReportValve.invoke(ErrorReportValve.java:79):79
	at org.apache.catalina.core.StandardEngineValve.invoke(StandardEngineValve.java:88):88
	at org.apache.catalina.connector.CoyoteAdapter.service(CoyoteAdapter.java:518):518
	at org.apache.coyote.ajp.AbstractAjpProcessor.process(AbstractAjpProcessor.java:844):844
	at org.apache.coyote.AbstractProtocol$AbstractConnectionHandler.process(AbstractProtocol.java:668):668
	at org.apache.tomcat.util.net.NioEndpoint$SocketProcessor.doRun(NioEndpoint.java:1527):1527
	at org.apache.tomcat.util.net.NioEndpoint$SocketProcessor.run(NioEndpoint.java:1484):1484
	at java.util.concurrent.ThreadPoolExecutor.runWorker(ThreadPoolExecutor.java:1142):1142
	at java.util.concurrent.ThreadPoolExecutor$Worker.run(ThreadPoolExecutor.java:617):617
	at org.apache.tomcat.util.threads.TaskThread$WrappingRunnable.run(TaskThread.java:61):61
	at java.lang.Thread.run(Thread.java:745):745
"
