"Severity","ThreadID","Date","Time","Application","Message"
"ERROR","ajp-nio-8009-exec-5","10/21/2015","12:02:51","","hibernate;ERROR: sequence ""user_id_sequence"" does not exist;org.postgresql.util.PSQLException: ERROR: sequence ""user_id_sequence"" does not exist
	at org.postgresql.core.v3.QueryExecutorImpl.receiveErrorResponse(QueryExecutorImpl.java:1608)
	at org.postgresql.core.v3.QueryExecutorImpl.processResults(QueryExecutorImpl.java:1343)
	at org.postgresql.core.v3.QueryExecutorImpl.execute(QueryExecutorImpl.java:194)
	at org.postgresql.jdbc2.AbstractJdbc2Statement.execute(AbstractJdbc2Statement.java:470)
	at org.postgresql.jdbc2.AbstractJdbc2Statement.executeWithFlags(AbstractJdbc2Statement.java:355)
	at org.postgresql.jdbc2.AbstractJdbc2Statement.executeUpdate(AbstractJdbc2Statement.java:283)
	at org.hibernate.tool.hbm2ddl.SchemaExport.execute(SchemaExport.java:383)
	at org.hibernate.tool.hbm2ddl.SchemaExport.drop(SchemaExport.java:358)
	at org.hibernate.tool.hbm2ddl.SchemaExport.execute(SchemaExport.java:258)
	at lucee.runtime.orm.hibernate.HibernateSessionFactory.schemaExport(HibernateSessionFactory.java:222)
	at lucee.runtime.orm.hibernate.HibernateSessionFactory.createConfiguration(HibernateSessionFactory.java:207)
	at lucee.runtime.orm.hibernate.SessionFactoryData.setConfiguration(SessionFactoryData.java:221)
	at lucee.runtime.orm.hibernate.HibernateORMEngine.getSessionFactoryData(HibernateORMEngine.java:208)
	at lucee.runtime.orm.hibernate.HibernateORMEngine.reload(HibernateORMEngine.java:114)
	at lucee.runtime.config.ConfigImpl.resetORMEngine(ConfigImpl.java:2908)
	at lucee.runtime.orm.ORMUtil.resetEngine(ORMUtil.java:75)
	at lucee.runtime.functions.orm.ORMReload.call(ORMReload.java:40)
	at application_cfc$cf.udfCall(C:\inetpub\wwwroot\OEP\Application.cfc:75)
	at lucee.runtime.type.UDFImpl.implementation(UDFImpl.java:111)
	at lucee.runtime.type.UDFImpl._call(UDFImpl.java:328)
	at lucee.runtime.type.UDFImpl.call(UDFImpl.java:229)
	at lucee.runtime.ComponentImpl._call(ComponentImpl.java:606)
	at lucee.runtime.ComponentImpl._call(ComponentImpl.java:524)
	at lucee.runtime.ComponentImpl.call(ComponentImpl.java:1760)
	at lucee.runtime.listener.ModernAppListener.call(ModernAppListener.java:405)
	at lucee.runtime.listener.ModernAppListener._onRequest(ModernAppListener.java:131)
	at lucee.runtime.listener.MixedAppListener.onRequest(MixedAppListener.java:35)
	at lucee.runtime.PageContextImpl.execute(PageContextImpl.java:2257)
	at lucee.runtime.PageContextImpl.execute(PageContextImpl.java:2224)
	at lucee.runtime.engine.CFMLEngineImpl.serviceCFML(CFMLEngineImpl.java:456)
	at lucee.loader.servlet.CFMLServlet.service(CFMLServlet.java:47)
	at javax.servlet.http.HttpServlet.service(HttpServlet.java:729)
	at org.apache.catalina.core.ApplicationFilterChain.internalDoFilter(ApplicationFilterChain.java:291)
	at org.apache.catalina.core.ApplicationFilterChain.doFilter(ApplicationFilterChain.java:206)
	at org.apache.tomcat.websocket.server.WsFilter.doFilter(WsFilter.java:52)
	at org.apache.catalina.core.ApplicationFilterChain.internalDoFilter(ApplicationFilterChain.java:239)
	at org.apache.catalina.core.ApplicationFilterChain.doFilter(ApplicationFilterChain.java:206)
	at org.apache.catalina.core.StandardWrapperValve.invoke(StandardWrapperValve.java:219)
	at org.apache.catalina.core.StandardContextValve.invoke(StandardContextValve.java:106)
	at org.apache.catalina.authenticator.AuthenticatorBase.invoke(AuthenticatorBase.java:502)
	at org.apache.catalina.core.StandardHostValve.invoke(StandardHostValve.java:142)
	at org.apache.catalina.valves.ErrorReportValve.invoke(ErrorReportValve.java:79)
	at org.apache.catalina.core.StandardEngineValve.invoke(StandardEngineValve.java:88)
	at org.apache.catalina.connector.CoyoteAdapter.service(CoyoteAdapter.java:518)
	at org.apache.coyote.ajp.AbstractAjpProcessor.process(AbstractAjpProcessor.java:844)
	at org.apache.coyote.AbstractProtocol$AbstractConnectionHandler.process(AbstractProtocol.java:668)
	at org.apache.tomcat.util.net.NioEndpoint$SocketProcessor.doRun(NioEndpoint.java:1527)
	at org.apache.tomcat.util.net.NioEndpoint$SocketProcessor.run(NioEndpoint.java:1484)
	at java.util.concurrent.ThreadPoolExecutor.runWorker(ThreadPoolExecutor.java:1142)
	at java.util.concurrent.ThreadPoolExecutor$Worker.run(ThreadPoolExecutor.java:617)
	at org.apache.tomcat.util.threads.TaskThread$WrappingRunnable.run(TaskThread.java:61)
	at java.lang.Thread.run(Thread.java:745)
"
